*------------------------------------------------------------*
* Score Log
Date:                October 22, 2020
Time:                02:00:07
*------------------------------------------------------------*
16152  %let EMEXCEPTIONSTRING=;
16153  *------------------------------------------------------------*;
16154  * SCORE: FIMPORT;
16155  *------------------------------------------------------------*;
16156  %let EM_ACTION = SCORE;
16157  %let syscc = 0;
16158  /* Fimport.source */
16159  %macro main;
16160        %if %upcase(&EM_ACTION) = CREATE %then %do;
16161           filename temp catalog 'sashelp.emsamp.Fimport_create.source';
16162           %include temp;
16163           filename temp;
16164           %create;
16165        %end;
16166        %else
16167        %if %upcase(&EM_ACTION) = TRAIN %then %do;
16168           filename temp catalog 'sashelp.emsamp.Fimport_train.source';
16169           %include temp;
16170           filename temp;
16171           %train;
16172        %end;
16173        %else
16174        %if %upcase(&EM_ACTION) = UPDATE %then %do;
16175           filename temp catalog 'sashelp.emsamp.Fimport_update.source';
16176           %include temp;
16177           filename temp;
16178           %update;
16179        %end;
16180        %else
16181        %if %upcase(&EM_ACTION) = PROPERTY %then %do;
16182           filename temp catalog 'sashelp.emsamp.Fimport_actions.source';
16183           %include temp;
16184           filename temp;
16185           %property;
16186        %end;
16187         %else
16188        %if %upcase(&EM_ACTION) = SCORE %then %do;
16189           filename temp catalog 'sashelp.emsamp.Fimport_score.source';
16190           %include temp;
16191           filename temp;
16192           %score;
16193        %end;
16194        %else
16195        %if %upcase(&EM_ACTION) = REPORT %then %do;
16196           filename temp catalog 'sashelp.emsamp.Fimport_report.source';
16197           %include temp;
16198           filename temp;
16199           %report;
16200        %end;
16201        %else
16202        %if %upcase(&EM_ACTION) = OPENVARIABLESET %then %do;
16203           filename temp catalog 'sashelp.emsamp.Fimport_actions.source';
16204           %include temp;
16205           filename temp;
16206           %openvariableset;
16207        %end;
16208        %else
16209        %if %upcase(&EM_ACTION) = CLOSEVARIABLESET %then %do;
16210           filename temp catalog 'sashelp.emsamp.Fimport_actions.source';
16211           %include temp;
16212           filename temp;
16213           %closevariableset;
16214        %end;
16215  %mend main;
16216  %main;
NOTE: %INCLUDE (level 1) file TEMP is file SASHELP.EMSAMP.FIMPORT_SCORE.SOURCE.
16217 +%macro score;
16218 +
16219 +   filename x "&EM_NODEDIR.&EM_DSEP._updatePath.st";
16220 +   data _null_;
16221 +      file x;
16222 +      put ' ';
16223 +   run;
16224 +   filename x;
16225 +
16226 +   %em_getname(key=DATA, type=DATA);
16227 +   %if %sysfunc(exist(&em_user_data)) %then %do;
16228 +       data &em_export_train / view=&em_export_train;
16229 +          set &em_user_data;
16230 +       run;
16231 +   %end;
16232 +
16233 +%mend score;
NOTE: %INCLUDE (level 1) ending.
NOTE: Fileref TEMP has been deassigned.

NOTE: The file X is:
      Filename=C:\Users\20161277\Documents\CA Assignment 3\Workspaces\EMWS1\FIMPORT\_updatePath.st,
      RECFM=V,LRECL=32767,File Size (bytes)=0,
      Last Modified=22Oct2020:02:00:07,
      Create Time=22Oct2020:01:59:53

NOTE: 1 record was written to the file X.
      The minimum record length was 1.
      The maximum record length was 1.
NOTE: DATA statement used (Total process time):
      real time           0.00 seconds
      cpu time            0.01 seconds
      

NOTE: Fileref X has been deassigned.

NOTE: DATA STEP view saved on file EMWS1.FIMPORT_TRAIN.
NOTE: A stored DATA STEP view cannot run under a different operating system.
NOTE: DATA statement used (Total process time):
      real time           0.00 seconds
      cpu time            0.00 seconds
      

16234  *------------------------------------------------------------*;
16235  * End SCORE: FIMPORT;
16236  *------------------------------------------------------------*;

16238  *------------------------------------------------------------*;
16239  * FIMPORT: Computing metadata for TRAIN data;
16240  *------------------------------------------------------------*;

NOTE: View EMWS1.FIMPORT_TRAIN.VIEW used (Total process time):
      real time           0.02 seconds
      cpu time            0.03 seconds
      
NOTE: View EMWS1.FIMPORT_TRAIN.VIEW used (Total process time):
      real time           0.02 seconds
      cpu time            0.03 seconds
      
