*------------------------------------------------------------*
* Report Log
Date:                October 23, 2020
Time:                19:46:41
*------------------------------------------------------------*
11473  *------------------------------------------------------------*;
11474  * Part: Computing statistics for class target variables;
11475  *------------------------------------------------------------*;
11476  ods listing close;
11477  ods output onewayfreqs=WORK.TEMPFREQ;
11478  proc freq data = EMWS1.Trans_TRAIN order=formatted addnames;
11479  table Churned / missing;
11480  run;

NOTE: There were 10000 observations read from the data set EMWS1.FIMPORT2_DATA.
NOTE: There were 10000 observations read from the data set EMWS1.FIMPORT2_TRAIN.
NOTE: View EMWS1.TRANS_TRAIN.VIEW used (Total process time):
      real time           0.09 seconds
      cpu time            0.09 seconds
      
NOTE: There were 10000 observations read from the data set EMWS1.STAT_TRAIN.
NOTE: The data set WORK.TEMPFREQ has 2 observations and 8 variables.
NOTE: There were 10000 observations read from the data set EMWS1.TRANS_TRAIN.
NOTE: PROCEDURE FREQ used (Total process time):
      real time           0.11 seconds
      cpu time            0.10 seconds
      

11481  quit;
11482  ods listing;
11483  data WORK.Part_BAR(keep=_VARIABLE_ TYPE COUNT PERCENT _X_ _XLABEL_);
11484  label _VARIABLE_ = "%sysfunc(sasmsg(sashelp.dmine, rpt_variable_vlabel, NOQUOTE))" Type = "%sysfunc(sasmsg(sashelp.dmine, rpt_type_vlabel,         NOQUOTE))" _X_ = "%sysfunc(sasmsg(sashelp.dmine, rpt_numValue_vlabel, NOQUOTE))" _XLABEL_ =
11485     "%sysfunc(sasmsg(sashelp.dmine, rpt_fmtValue_vlabel ,    NOQUOTE))" COUNT = "%sysfunc(sasmsg(sashelp.dmine, rpt_count_vlabel,        NOQUOTE))" PERCENT = "%sysfunc(sasmsg(sashelp.dmine, rpt_percent_vlabel,      NOQUOTE))";
11486  dsid = open("WORK.TEMPFREQ");
11487  varnum = varnum(dsid, 'VARIABLE');
11488  freqnum = varnum(dsid, 'FREQUENCY');
11489  pvarnum = varnum(dsid, 'PERCENT');
11490  typenum = varnum(dsid, '_TYPE_');
11491  length _VARIABLE_ $32 TYPE $1 _XLABEL_ $32;
11492  do while(^fetch(dsid));
11493  _VARIABLE_ = strip(getvarc(dsid, varnum));
11494  count = getvarn(dsid, freqnum);
11495  percent= getvarn(dsid, pvarnum);
11496  vvarnum = varnum(dsid, _VARIABLE_);
11497  type = vartype(dsid, vvarnum);
11498  fvarnum = varnum(dsid, 'F_'!!substr(_VARIABLE_, 1, 30));
11499  _XLABEL_ = left(getvarc(dsid, fvarnum));
11500  _X_ = .;
11501  if TYPE eq 'N' then _X_ = getvarn(dsid, vvarnum);
11502  output;
11503  end;
11504  dsid = close(dsid);
11505  run;

NOTE: The data set WORK.PART_BAR has 2 observations and 6 variables.
NOTE: DATA statement used (Total process time):
      real time           0.01 seconds
      cpu time            0.01 seconds
      

11506  proc sort data=WORK.Part_BAR NOTHREADS;
11507  by _VARIABLE_;
11508  run;

NOTE: There were 2 observations read from the data set WORK.PART_BAR.
NOTE: The data set WORK.PART_BAR has 2 observations and 6 variables.
NOTE: PROCEDURE SORT used (Total process time):
      real time           0.00 seconds
      cpu time            0.00 seconds
      

11509  proc sort data=WORK.M1XER68N;
11510  by Name;
11511  run;

NOTE: There were 1 observations read from the data set WORK.M1XER68N.
NOTE: The data set WORK.M1XER68N has 1 observations and 21 variables.
NOTE: PROCEDURE SORT used (Total process time):
      real time           0.00 seconds
      cpu time            0.00 seconds
      

11512  data WORK.Part_BAR;
11513  merge WORK.Part_BAR(in=_a) WORK.M1XER68N(keep=Name Label Role rename=(Name=_Variable_ Label=_Label_));
11514  by _Variable_;
11515  label Role = "%sysfunc(sasmsg(sashelp.dmine, meta_role_vlabel ,  NOQUOTE))";
11516  label Label = "%sysfunc(sasmsg(sashelp.dmine, meta_label_vlabel , NOQUOTE))";
11517  if _a then output;
11518  run;

NOTE: Variable Label is uninitialized.
WARNING: Multiple lengths were specified for the BY variable _VARIABLE_ by input data sets. This might cause unexpected results.
NOTE: There were 2 observations read from the data set WORK.PART_BAR.
NOTE: There were 1 observations read from the data set WORK.M1XER68N.
NOTE: The data set WORK.PART_BAR has 2 observations and 8 variables.
NOTE: DATA statement used (Total process time):
      real time           0.01 seconds
      cpu time            0.01 seconds
      

11519  data EMWS1.Part_CLASS;
11520  length DATA $8;
11521  set WORK.Part_BAR;
11522  DATA = "DATA";
11523  run;

NOTE: There were 2 observations read from the data set WORK.PART_BAR.
NOTE: The data set EMWS1.PART_CLASS has 2 observations and 9 variables.
NOTE: DATA statement used (Total process time):
      real time           0.00 seconds
      cpu time            0.01 seconds
      

11524  *------------------------------------------------------------*;
11525  * Part: Computing statistics for interval target variables;
11526  *------------------------------------------------------------*;
11527  *------------------------------------------------------------*;
11528  * Part: Computing statistics for class target variables;
11529  *------------------------------------------------------------*;
11530  ods listing close;
11531  ods output onewayfreqs=WORK.TEMPFREQ;
11532  proc freq data = EMWS1.Part_TRAIN order=formatted addnames;
11533  table Churned / missing;
11534  run;

NOTE: The data set WORK.TEMPFREQ has 2 observations and 8 variables.
NOTE: There were 5383 observations read from the data set EMWS1.PART_TRAIN.
NOTE: PROCEDURE FREQ used (Total process time):
      real time           0.00 seconds
      cpu time            0.01 seconds
      

11535  quit;
11536  ods listing;
11537  data WORK.Part_BAR(keep=_VARIABLE_ TYPE COUNT PERCENT _X_ _XLABEL_);
11538  label _VARIABLE_ = "%sysfunc(sasmsg(sashelp.dmine, rpt_variable_vlabel, NOQUOTE))" Type = "%sysfunc(sasmsg(sashelp.dmine, rpt_type_vlabel,         NOQUOTE))" _X_ = "%sysfunc(sasmsg(sashelp.dmine, rpt_numValue_vlabel, NOQUOTE))" _XLABEL_ =
11539     "%sysfunc(sasmsg(sashelp.dmine, rpt_fmtValue_vlabel ,    NOQUOTE))" COUNT = "%sysfunc(sasmsg(sashelp.dmine, rpt_count_vlabel,        NOQUOTE))" PERCENT = "%sysfunc(sasmsg(sashelp.dmine, rpt_percent_vlabel,      NOQUOTE))";
11540  dsid = open("WORK.TEMPFREQ");
11541  varnum = varnum(dsid, 'VARIABLE');
11542  freqnum = varnum(dsid, 'FREQUENCY');
11543  pvarnum = varnum(dsid, 'PERCENT');
11544  typenum = varnum(dsid, '_TYPE_');
11545  length _VARIABLE_ $32 TYPE $1 _XLABEL_ $32;
11546  do while(^fetch(dsid));
11547  _VARIABLE_ = strip(getvarc(dsid, varnum));
11548  count = getvarn(dsid, freqnum);
11549  percent= getvarn(dsid, pvarnum);
11550  vvarnum = varnum(dsid, _VARIABLE_);
11551  type = vartype(dsid, vvarnum);
11552  fvarnum = varnum(dsid, 'F_'!!substr(_VARIABLE_, 1, 30));
11553  _XLABEL_ = left(getvarc(dsid, fvarnum));
11554  _X_ = .;
11555  if TYPE eq 'N' then _X_ = getvarn(dsid, vvarnum);
11556  output;
11557  end;
11558  dsid = close(dsid);
11559  run;

NOTE: The data set WORK.PART_BAR has 2 observations and 6 variables.
NOTE: DATA statement used (Total process time):
      real time           0.01 seconds
      cpu time            0.00 seconds
      

11560  proc sort data=WORK.Part_BAR NOTHREADS;
11561  by _VARIABLE_;
11562  run;

NOTE: There were 2 observations read from the data set WORK.PART_BAR.
NOTE: The data set WORK.PART_BAR has 2 observations and 6 variables.
NOTE: PROCEDURE SORT used (Total process time):
      real time           0.00 seconds
      cpu time            0.00 seconds
      

11563  proc sort data=WORK.M1XER68N;
11564  by Name;
11565  run;

NOTE: Input data set is already sorted, no sorting done.
NOTE: PROCEDURE SORT used (Total process time):
      real time           0.00 seconds
      cpu time            0.00 seconds
      

11566  data WORK.Part_BAR;
11567  merge WORK.Part_BAR(in=_a) WORK.M1XER68N(keep=Name Label Role rename=(Name=_Variable_ Label=_Label_));
11568  by _Variable_;
11569  label Role = "%sysfunc(sasmsg(sashelp.dmine, meta_role_vlabel ,  NOQUOTE))";
11570  label Label = "%sysfunc(sasmsg(sashelp.dmine, meta_label_vlabel , NOQUOTE))";
11571  if _a then output;
11572  run;

NOTE: Variable Label is uninitialized.
WARNING: Multiple lengths were specified for the BY variable _VARIABLE_ by input data sets. This might cause unexpected results.
NOTE: There were 2 observations read from the data set WORK.PART_BAR.
NOTE: There were 1 observations read from the data set WORK.M1XER68N.
NOTE: The data set WORK.PART_BAR has 2 observations and 8 variables.
NOTE: DATA statement used (Total process time):
      real time           0.01 seconds
      cpu time            0.00 seconds
      

11573  data WORK.Part_BAR;
11574  length DATA $8;
11575  set WORK.Part_BAR;
11576  DATA = "TRAIN";
11577  run;

NOTE: There were 2 observations read from the data set WORK.PART_BAR.
NOTE: The data set WORK.PART_BAR has 2 observations and 9 variables.
NOTE: DATA statement used (Total process time):
      real time           0.00 seconds
      cpu time            0.00 seconds
      

11578  data EMWS1.Part_CLASS;
11579  set EMWS1.Part_CLASS WORK.Part_BAR;
11580  run;

NOTE: There were 2 observations read from the data set EMWS1.PART_CLASS.
NOTE: There were 2 observations read from the data set WORK.PART_BAR.
NOTE: The data set EMWS1.PART_CLASS has 4 observations and 9 variables.
NOTE: DATA statement used (Total process time):
      real time           0.00 seconds
      cpu time            0.01 seconds
      

11581  *------------------------------------------------------------*;
11582  * Part: Computing statistics for interval target variables;
11583  *------------------------------------------------------------*;
11584  *------------------------------------------------------------*;
11585  * Part: Computing statistics for class target variables;
11586  *------------------------------------------------------------*;
11587  ods listing close;
11588  ods output onewayfreqs=WORK.TEMPFREQ;
11589  proc freq data = EMWS1.Part_VALIDATE order=formatted addnames;
11590  table Churned / missing;
11591  run;

NOTE: The data set WORK.TEMPFREQ has 2 observations and 8 variables.
NOTE: There were 2308 observations read from the data set EMWS1.PART_VALIDATE.
NOTE: PROCEDURE FREQ used (Total process time):
      real time           0.01 seconds
      cpu time            0.01 seconds
      

11592  quit;
11593  ods listing;
11594  data WORK.Part_BAR(keep=_VARIABLE_ TYPE COUNT PERCENT _X_ _XLABEL_);
11595  label _VARIABLE_ = "%sysfunc(sasmsg(sashelp.dmine, rpt_variable_vlabel, NOQUOTE))" Type = "%sysfunc(sasmsg(sashelp.dmine, rpt_type_vlabel,         NOQUOTE))" _X_ = "%sysfunc(sasmsg(sashelp.dmine, rpt_numValue_vlabel, NOQUOTE))" _XLABEL_ =
11596     "%sysfunc(sasmsg(sashelp.dmine, rpt_fmtValue_vlabel ,    NOQUOTE))" COUNT = "%sysfunc(sasmsg(sashelp.dmine, rpt_count_vlabel,        NOQUOTE))" PERCENT = "%sysfunc(sasmsg(sashelp.dmine, rpt_percent_vlabel,      NOQUOTE))";
11597  dsid = open("WORK.TEMPFREQ");
11598  varnum = varnum(dsid, 'VARIABLE');
11599  freqnum = varnum(dsid, 'FREQUENCY');
11600  pvarnum = varnum(dsid, 'PERCENT');
11601  typenum = varnum(dsid, '_TYPE_');
11602  length _VARIABLE_ $32 TYPE $1 _XLABEL_ $32;
11603  do while(^fetch(dsid));
11604  _VARIABLE_ = strip(getvarc(dsid, varnum));
11605  count = getvarn(dsid, freqnum);
11606  percent= getvarn(dsid, pvarnum);
11607  vvarnum = varnum(dsid, _VARIABLE_);
11608  type = vartype(dsid, vvarnum);
11609  fvarnum = varnum(dsid, 'F_'!!substr(_VARIABLE_, 1, 30));
11610  _XLABEL_ = left(getvarc(dsid, fvarnum));
11611  _X_ = .;
11612  if TYPE eq 'N' then _X_ = getvarn(dsid, vvarnum);
11613  output;
11614  end;
11615  dsid = close(dsid);
11616  run;

NOTE: The data set WORK.PART_BAR has 2 observations and 6 variables.
NOTE: DATA statement used (Total process time):
      real time           0.01 seconds
      cpu time            0.01 seconds
      

11617  proc sort data=WORK.Part_BAR NOTHREADS;
11618  by _VARIABLE_;
11619  run;

NOTE: There were 2 observations read from the data set WORK.PART_BAR.
NOTE: The data set WORK.PART_BAR has 2 observations and 6 variables.
NOTE: PROCEDURE SORT used (Total process time):
      real time           0.00 seconds
      cpu time            0.01 seconds
      

11620  proc sort data=WORK.M1XER68N;
11621  by Name;
11622  run;

NOTE: Input data set is already sorted, no sorting done.
NOTE: PROCEDURE SORT used (Total process time):
      real time           0.00 seconds
      cpu time            0.00 seconds
      

11623  data WORK.Part_BAR;
11624  merge WORK.Part_BAR(in=_a) WORK.M1XER68N(keep=Name Label Role rename=(Name=_Variable_ Label=_Label_));
11625  by _Variable_;
11626  label Role = "%sysfunc(sasmsg(sashelp.dmine, meta_role_vlabel ,  NOQUOTE))";
11627  label Label = "%sysfunc(sasmsg(sashelp.dmine, meta_label_vlabel , NOQUOTE))";
11628  if _a then output;
11629  run;

NOTE: Variable Label is uninitialized.
WARNING: Multiple lengths were specified for the BY variable _VARIABLE_ by input data sets. This might cause unexpected results.
NOTE: There were 2 observations read from the data set WORK.PART_BAR.
NOTE: There were 1 observations read from the data set WORK.M1XER68N.
NOTE: The data set WORK.PART_BAR has 2 observations and 8 variables.
NOTE: DATA statement used (Total process time):
      real time           0.00 seconds
      cpu time            0.01 seconds
      

11630  data WORK.Part_BAR;
11631  length DATA $8;
11632  set WORK.Part_BAR;
11633  DATA = "VALIDATE";
11634  run;

NOTE: There were 2 observations read from the data set WORK.PART_BAR.
NOTE: The data set WORK.PART_BAR has 2 observations and 9 variables.
NOTE: DATA statement used (Total process time):
      real time           0.00 seconds
      cpu time            0.01 seconds
      

11635  data EMWS1.Part_CLASS;
11636  set EMWS1.Part_CLASS WORK.Part_BAR;
11637  run;

NOTE: There were 4 observations read from the data set EMWS1.PART_CLASS.
NOTE: There were 2 observations read from the data set WORK.PART_BAR.
NOTE: The data set EMWS1.PART_CLASS has 6 observations and 9 variables.
NOTE: DATA statement used (Total process time):
      real time           0.00 seconds
      cpu time            0.01 seconds
      

11638  *------------------------------------------------------------*;
11639  * Part: Computing statistics for interval target variables;
11640  *------------------------------------------------------------*;
11641  *------------------------------------------------------------*;
11642  * Part: Computing statistics for class target variables;
11643  *------------------------------------------------------------*;
11644  ods listing close;
11645  ods output onewayfreqs=WORK.TEMPFREQ;
11646  proc freq data = EMWS1.Part_TEST order=formatted addnames;
11647  table Churned / missing;
11648  run;

NOTE: The data set WORK.TEMPFREQ has 2 observations and 8 variables.
NOTE: There were 2309 observations read from the data set EMWS1.PART_TEST.
NOTE: PROCEDURE FREQ used (Total process time):
      real time           0.01 seconds
      cpu time            0.01 seconds
      

11649  quit;
11650  ods listing;
11651  data WORK.Part_BAR(keep=_VARIABLE_ TYPE COUNT PERCENT _X_ _XLABEL_);
11652  label _VARIABLE_ = "%sysfunc(sasmsg(sashelp.dmine, rpt_variable_vlabel, NOQUOTE))" Type = "%sysfunc(sasmsg(sashelp.dmine, rpt_type_vlabel,         NOQUOTE))" _X_ = "%sysfunc(sasmsg(sashelp.dmine, rpt_numValue_vlabel, NOQUOTE))" _XLABEL_ =
11653     "%sysfunc(sasmsg(sashelp.dmine, rpt_fmtValue_vlabel ,    NOQUOTE))" COUNT = "%sysfunc(sasmsg(sashelp.dmine, rpt_count_vlabel,        NOQUOTE))" PERCENT = "%sysfunc(sasmsg(sashelp.dmine, rpt_percent_vlabel,      NOQUOTE))";
11654  dsid = open("WORK.TEMPFREQ");
11655  varnum = varnum(dsid, 'VARIABLE');
11656  freqnum = varnum(dsid, 'FREQUENCY');
11657  pvarnum = varnum(dsid, 'PERCENT');
11658  typenum = varnum(dsid, '_TYPE_');
11659  length _VARIABLE_ $32 TYPE $1 _XLABEL_ $32;
11660  do while(^fetch(dsid));
11661  _VARIABLE_ = strip(getvarc(dsid, varnum));
11662  count = getvarn(dsid, freqnum);
11663  percent= getvarn(dsid, pvarnum);
11664  vvarnum = varnum(dsid, _VARIABLE_);
11665  type = vartype(dsid, vvarnum);
11666  fvarnum = varnum(dsid, 'F_'!!substr(_VARIABLE_, 1, 30));
11667  _XLABEL_ = left(getvarc(dsid, fvarnum));
11668  _X_ = .;
11669  if TYPE eq 'N' then _X_ = getvarn(dsid, vvarnum);
11670  output;
11671  end;
11672  dsid = close(dsid);
11673  run;

NOTE: The data set WORK.PART_BAR has 2 observations and 6 variables.
NOTE: DATA statement used (Total process time):
      real time           0.01 seconds
      cpu time            0.00 seconds
      

11674  proc sort data=WORK.Part_BAR NOTHREADS;
11675  by _VARIABLE_;
11676  run;

NOTE: There were 2 observations read from the data set WORK.PART_BAR.
NOTE: The data set WORK.PART_BAR has 2 observations and 6 variables.
NOTE: PROCEDURE SORT used (Total process time):
      real time           0.00 seconds
      cpu time            0.00 seconds
      

11677  proc sort data=WORK.M1XER68N;
11678  by Name;
11679  run;

NOTE: Input data set is already sorted, no sorting done.
NOTE: PROCEDURE SORT used (Total process time):
      real time           0.00 seconds
      cpu time            0.00 seconds
      

11680  data WORK.Part_BAR;
11681  merge WORK.Part_BAR(in=_a) WORK.M1XER68N(keep=Name Label Role rename=(Name=_Variable_ Label=_Label_));
11682  by _Variable_;
11683  label Role = "%sysfunc(sasmsg(sashelp.dmine, meta_role_vlabel ,  NOQUOTE))";
11684  label Label = "%sysfunc(sasmsg(sashelp.dmine, meta_label_vlabel , NOQUOTE))";
11685  if _a then output;
11686  run;

NOTE: Variable Label is uninitialized.
WARNING: Multiple lengths were specified for the BY variable _VARIABLE_ by input data sets. This might cause unexpected results.
NOTE: There were 2 observations read from the data set WORK.PART_BAR.
NOTE: There were 1 observations read from the data set WORK.M1XER68N.
NOTE: The data set WORK.PART_BAR has 2 observations and 8 variables.
NOTE: DATA statement used (Total process time):
      real time           0.00 seconds
      cpu time            0.00 seconds
      

11687  data WORK.Part_BAR;
11688  length DATA $8;
11689  set WORK.Part_BAR;
11690  DATA = "TEST";
11691  run;

NOTE: There were 2 observations read from the data set WORK.PART_BAR.
NOTE: The data set WORK.PART_BAR has 2 observations and 9 variables.
NOTE: DATA statement used (Total process time):
      real time           0.00 seconds
      cpu time            0.00 seconds
      

11692  data EMWS1.Part_CLASS;
11693  set EMWS1.Part_CLASS WORK.Part_BAR;
11694  run;

NOTE: There were 6 observations read from the data set EMWS1.PART_CLASS.
NOTE: There were 2 observations read from the data set WORK.PART_BAR.
NOTE: The data set EMWS1.PART_CLASS has 8 observations and 9 variables.
NOTE: DATA statement used (Total process time):
      real time           0.00 seconds
      cpu time            0.00 seconds
      

11695  *------------------------------------------------------------*;
11696  * Part: Computing statistics for interval target variables;
11697  *------------------------------------------------------------*;
11698  data EMWS1.Part_CLASS(rename=(_VARIABLE_=VARIABLE _X_=VALUE _XLABEL_=FORMATTEDVALUE));
11699  label DATA = "%sysfunc(sasmsg(sashelp.dmine, rpt_data_vlabel ,   NOQUOTE))";
11700  set EMWS1.Part_CLASS;
11701  drop type role;
11702  run;

NOTE: There were 8 observations read from the data set EMWS1.PART_CLASS.
NOTE: The data set EMWS1.PART_CLASS has 8 observations and 7 variables.
NOTE: DATA statement used (Total process time):
      real time           0.00 seconds
      cpu time            0.01 seconds
      

11703  proc sort data=EMWS1.Part_CLASS NOTHREADS;
11704  by DATA;
11705  run;

NOTE: There were 8 observations read from the data set EMWS1.PART_CLASS.
NOTE: The data set EMWS1.PART_CLASS has 8 observations and 7 variables.
NOTE: PROCEDURE SORT used (Total process time):
      real time           0.00 seconds
      cpu time            0.01 seconds
      

11706  %let _cn = %sysfunc(getoption(CENTER));
11707  %let _nb = %sysfunc(getoption(NUMBER));
11708  options nonumber nocenter;
11709  proc print data=EMWS1.Part_CLASS noobs label;
11710  by DATA;
11711  title9 ' ';
11712  title10 "%sysfunc(sasmsg(sashelp.dmine, rpt_classTargetStats_title, NOQUOTE))";
11713  run;

NOTE: There were 8 observations read from the data set EMWS1.PART_CLASS.
NOTE: The PROCEDURE PRINT printed page 3.
NOTE: PROCEDURE PRINT used (Total process time):
      real time           0.00 seconds
      cpu time            0.00 seconds
      

11714  title10;
11715  options &_cn &_nb;

