*------------------------------------------------------------*
* Score Log
Date:                October 24, 2020
Time:                18:48:39
*------------------------------------------------------------*
11832  proc sort data=EMWS1.Filter3_INTERVAL;
11833  by name;
11834  run;

NOTE: Input data set is already sorted, no sorting done.
NOTE: PROCEDURE SORT used (Total process time):
      real time           0.00 seconds
      cpu time            0.00 seconds
      

11835  proc print data=EMWS1.Filter3_INTERVAL(obs=500) noobs label;
11836  where (INTERVALMIN ne . or INTERVALMAX ne . or KEEPMISSING='N');
11837  title9 "%sysfunc(sasmsg(sashelp.dmine, rpt_filterintervallimits_title,    NOQUOTE))";
11838  title10 "%sysfunc(sasmsg(sashelp.dmine, rpt_maxObsPrinted_title, NOQUOTE))";
11839  run;

NOTE: There were 1 observations read from the data set EMWS1.FILTER3_INTERVAL.
      WHERE (INTERVALMIN not = .) or (INTERVALMAX not = .) or (KEEPMISSING='N');
NOTE: The PROCEDURE PRINT printed page 2.
NOTE: PROCEDURE PRINT used (Total process time):
      real time           0.00 seconds
      cpu time            0.00 seconds
      

11840  title9;
11841  title10;

11842  data WORK.DATA_FILTERED / view=WORK.DATA_FILTERED;
11843  set EMWS1.Filter2_TRAIN;
11844  if
11845  ( Tenure eq . or (-0.5<=Tenure) and (Tenure<=8.543))
11846  then do;
11847  if M_FILTER eq . then M_FILTER = 0;
11848  else M_FILTER = M_FILTER + 0;
11849  end;
11850  else M_FILTER = 1;
11851  label M_FILTER = 'Filtered Indicator';
11852  if M_FILTER = 0;
11853  run;

NOTE: DATA STEP view saved on file WORK.DATA_FILTERED.
NOTE: A stored DATA STEP view cannot run under a different operating system.
NOTE: View EMWS1.FILTER2_TRAIN.VIEW used (Total process time):
      real time           0.04 seconds
      cpu time            0.04 seconds
      
NOTE: DATA statement used (Total process time):
      real time           0.06 seconds
      cpu time            0.06 seconds
      

11854  data WORK.DATA_EXCLUDED / view=WORK.DATA_EXCLUDED;
11855  set EMWS1.Filter2_TRAIN;
11856  if
11857  ( Tenure eq . or (-0.5<=Tenure) and (Tenure<=8.543))
11858  then do;
11859  if M_FILTER eq . then M_FILTER = 0;
11860  else M_FILTER = M_FILTER + 0;
11861  end;
11862  else M_FILTER = 1;
11863  label M_FILTER = 'Filtered Indicator';
11864  if M_FILTER = 1;
11865  run;

NOTE: DATA STEP view saved on file WORK.DATA_EXCLUDED.
NOTE: A stored DATA STEP view cannot run under a different operating system.
NOTE: View EMWS1.FILTER2_TRAIN.VIEW used (Total process time):
      real time           0.04 seconds
      cpu time            0.04 seconds
      
NOTE: DATA statement used (Total process time):
      real time           0.06 seconds
      cpu time            0.06 seconds
      

NOTE: There were 10000 observations read from the data set EMWS1.FIMPORT_DATA.
NOTE: View EMWS1.FILTER2_TRAIN.VIEW used (Total process time):
      real time           0.05 seconds
      cpu time            0.06 seconds
      
NOTE: There were 10000 observations read from the data set EMWS1.FIMPORT_TRAIN.
NOTE: There were 10000 observations read from the data set EMWS1.FIMPORT_DATA.
NOTE: There were 10000 observations read from the data set EMWS1.FIMPORT_TRAIN.
NOTE: View WORK.DATA_FILTERED.VIEW used (Total process time):
      real time           0.08 seconds
      cpu time            0.07 seconds
      
NOTE: There were 7963 observations read from the data set EMWS1.FILTER2_TRAIN.
11866  data WORK.Filter3COUNT;
11867  length DATAROLE $16;
11868  label DATAROLE = "%sysfunc(sasmsg(sashelp.dmine, rpt_datarole_vlabel, NOQUOTE))" FILTERED = "%sysfunc(sasmsg(sashelp.dmine, rpt_filtered_vlabel, NOQUOTE))" EXCLUDED = "%sysfunc(sasmsg(sashelp.dmine, rpt_excluded_vlabel, NOQUOTE))";
11869  DATAROLE = 'TRAIN';
11870  DATA = 7963;
11871  FILTERED = 6803;
11872  EXCLUDED = 1160;
11873  output;
11874  run;

NOTE: The data set WORK.FILTER3COUNT has 1 observations and 4 variables.
NOTE: DATA statement used (Total process time):
      real time           0.00 seconds
      cpu time            0.01 seconds
      

11875  proc print data=WORK.Filter3COUNT noobs label;
11876  title9 ' ';
11877  title10 "%sysfunc(sasmsg(sashelp.dmine, rpt_numberobs_title, NOQUOTE))";
11878  run;

NOTE: There were 1 observations read from the data set WORK.FILTER3COUNT.
NOTE: The PROCEDURE PRINT printed page 3.
NOTE: PROCEDURE PRINT used (Total process time):
      real time           0.00 seconds
      cpu time            0.00 seconds
      

11879  title9;
11880  title10;

11881  *------------------------------------------------------------*;
11882  * createstattable;
11883  *------------------------------------------------------------*;
11884  *------------------------------------------------------------* ;
11885  * Filter3: DMDBClass Macro ;
11886  *------------------------------------------------------------* ;
11887  %macro DMDBClass;
11888      Churned(DESC)
11889  %mend DMDBClass;
11890  *------------------------------------------------------------* ;
11891  * Filter3: DMDBVar Macro ;
11892  *------------------------------------------------------------* ;
11893  %macro DMDBVar;
11894      Tenure
11895  %mend DMDBVar;
11896  *------------------------------------------------------------*;
11897  * Filter3: Create DMDB;
11898  *------------------------------------------------------------*;
11899  proc dmdb batch data=WORK.DATA_FILTERED
11900  dmdbcat=WORK.Filter3_DMDB
11901  varout=WORK.FILTER_VARSTATS
11902  maxlevel = 513
11903  ;
11904  class %DMDBClass;
11905  var %DMDBVar;
11906  target
11907  Churned
11908  ;
11909  run;

NOTE: Records processed = 6803   Memory used = 511K.
NOTE: There were 10000 observations read from the data set EMWS1.FIMPORT_DATA.
NOTE: There were 10000 observations read from the data set EMWS1.FIMPORT_TRAIN.
NOTE: View WORK.DATA_FILTERED.VIEW used (Total process time):
      real time           0.10 seconds
      cpu time            0.09 seconds
      
NOTE: There were 7963 observations read from the data set EMWS1.FILTER2_TRAIN.
NOTE: There were 6803 observations read from the data set WORK.DATA_FILTERED.
NOTE: The data set WORK.FILTER_VARSTATS has 1 observations and 9 variables.
NOTE: PROCEDURE DMDB used (Total process time):
      real time           0.11 seconds
      cpu time            0.11 seconds
      

11910  quit;
11911  *--- end code ---*;

11912  data WORK.FILTER_VARSTATS;
11913  length DATAROLE $10 TYPE $8 NAME $32;
11914  label DATAROLE = "%sysfunc(sasmsg(sashelp.dmine, rpt_datarole_vlabel, NOQUOTE))";
11915  label N = "%sysfunc(sasmsg(sashelp.dmine, rpt_nonMiss_vlabel, NOQUOTE))";
11916  label NMISS = "%sysfunc(sasmsg(sashelp.dmine, rpt_missing_vlabel, NOQUOTE))";
11917  label MIN = "%sysfunc(sasmsg(sashelp.dmine, rpt_minimum_vlabel, NOQUOTE))";
11918  label MAX = "%sysfunc(sasmsg(sashelp.dmine, rpt_maximum_vlabel, NOQUOTE))";
11919  label MEAN = "%sysfunc(sasmsg(sashelp.dmine, rpt_mean_vlabel,    NOQUOTE))";
11920  label STD = "%sysfunc(sasmsg(sashelp.dmine, rpt_std_vlabel,     NOQUOTE))";
11921  label SKEWNESS = "%sysfunc(sasmsg(sashelp.dmine, rpt_skewness_vlabel, NOQUOTE))";
11922  label KURTOSIS = "%sysfunc(sasmsg(sashelp.dmine, rpt_kurtosis_vlabel, NOQUOTE))";
11923  label NUMCAT = "%sysfunc(sasmsg(sashelp.dmine, rpt_numcat_vlabel,   NOQUOTE))";
11924  retain DATAROLE "TRAIN" type "FILTERED";
11925  set WORK.FILTER_VARSTATS;
11926  run;

NOTE: Variable NUMCAT is uninitialized.
NOTE: There were 1 observations read from the data set WORK.FILTER_VARSTATS.
NOTE: The data set WORK.FILTER_VARSTATS has 1 observations and 11 variables.
NOTE: DATA statement used (Total process time):
      real time           0.01 seconds
      cpu time            0.01 seconds
      

11927  proc append base=EMWS1.Filter3_STATS data=WORK.FILTER_VARSTATS;
11928  run;

NOTE: Appending WORK.FILTER_VARSTATS to EMWS1.FILTER3_STATS.
NOTE: There were 1 observations read from the data set WORK.FILTER_VARSTATS.
NOTE: 1 observations added.
NOTE: The data set EMWS1.FILTER3_STATS has 2 observations and 11 variables.
NOTE: PROCEDURE APPEND used (Total process time):
      real time           0.00 seconds
      cpu time            0.00 seconds
      

11929  proc sort data=EMWS1.Filter3_STATS;
11930  by DATAROLE NAME;
11931  run;

NOTE: There were 2 observations read from the data set EMWS1.FILTER3_STATS.
NOTE: The data set EMWS1.FILTER3_STATS has 2 observations and 11 variables.
NOTE: PROCEDURE SORT used (Total process time):
      real time           0.00 seconds
      cpu time            0.01 seconds
      

11932  proc transpose data=EMWS1.Filter3_STATS out=EMWS1.Filter3_STATS(rename=(NAME=VARIABLE _LABEL_=STATISTIC));
11933  by DATAROLE NAME;
11934  id TYPE;
11935  run;

NOTE: There were 2 observations read from the data set EMWS1.FILTER3_STATS.
NOTE: The data set EMWS1.FILTER3_STATS has 8 observations and 6 variables.
NOTE: PROCEDURE TRANSPOSE used (Total process time):
      real time           0.00 seconds
      cpu time            0.00 seconds
      

11936  proc datasets library=EMWS1 nolist;
11937  modify Filter3_STATS;
11938  label VARIABLE = "%sysfunc(sasmsg(sashelp.dmine, rpt_variable_vlabel, NOQUOTE))" STATISTIC = "%sysfunc(sasmsg(sashelp.dmine, rpt_statistics_vlabel, NOQUOTE))" FILTERED="Filtered" ORIGINAL = "%sysfunc(sasmsg(sashelp.dmine, rpt_original_vlabel,
11938! NOQUOTE))";
11939  run;

NOTE: MODIFY was successful for EMWS1.FILTER3_STATS.DATA.

NOTE: PROCEDURE DATASETS used (Total process time):
      real time           0.01 seconds
      cpu time            0.01 seconds
      

11940  proc sort data=EMWS1.Filter3_STATS;
11941  by DATAROLE VARIABLE;
11942  run;

NOTE: There were 8 observations read from the data set EMWS1.FILTER3_STATS.
NOTE: The data set EMWS1.FILTER3_STATS has 8 observations and 6 variables.
NOTE: PROCEDURE SORT used (Total process time):
      real time           0.00 seconds
      cpu time            0.00 seconds
      

11943  %let _cn = %sysfunc(getoption(CENTER));
11944  options nocenter;
11945  proc print data=EMWS1.Filter3_STATS(obs=500) noobs label;
11946  var STATISTIC ORIGINAL
11947  FILTERED
11948  ;
11949  by DATAROLE VARIABLE;
11950  where ORIGINAL ne .;
11951  title9 "%sysfunc(sasmsg(sashelp.dmine, rpt_filterstat_title,    NOQUOTE, FILTERED))";
11952  title10 "%sysfunc(sasmsg(sashelp.dmine, rpt_maxObsPrinted_title, NOQUOTE))";
11953  run;

NOTE: There were 8 observations read from the data set EMWS1.FILTER3_STATS.
      WHERE ORIGINAL not = .;
NOTE: The PROCEDURE PRINT printed page 4.
NOTE: PROCEDURE PRINT used (Total process time):
      real time           0.00 seconds
      cpu time            0.00 seconds
      

11954  options &_cn;
11955  title9;
11956  title10;

11957  *------------------------------------------------------------*;
11958  * createhistogramtable;
11959  *------------------------------------------------------------*;
11960  data WORK.Filter3DMDBC;
11961  set WORK.Filter3DMDBC(where=(report='Y'));
11962  run;

NOTE: There were 0 observations read from the data set WORK.FILTER3DMDBC.
      WHERE report='Y';
NOTE: The data set WORK.FILTER3DMDBC has 0 observations and 26 variables.
NOTE: DATA statement used (Total process time):
      real time           0.00 seconds
      cpu time            0.01 seconds
      

11963  filename vdist catalog 'SASHELP.EMUTIL.EM_VARDIST.SOURCE';
11964  %inc vdist;
12360  filename vdist;
NOTE: Fileref VDIST has been deassigned.
12361  %let em_nodeid = Filter3;
12362  %var_profile(DATA=EMWS1.Filter2_TRAIN, OUTPUT=WORK._HISTDATA, METADATA=WORK.Filter3DMDBC, COMPUTESTAT=N, BINDATA=_bindata, STAT=_STAT, FREQ=, BIN=Y, NUMBARS= 16);
*------------------------------------------------------------*
* Filter3: Computing Summary Statistics
*------------------------------------------------------------*

NOTE: There were 0 observations read from the data set WORK.FILTER3DMDBC.
      WHERE (LEVEL='INTERVAL') and (ROLE not = 'FREQ');
NOTE: The data set WORK._NULL has 0 observations and 26 variables.
NOTE: DATA statement used (Total process time):
      real time           0.00 seconds
      cpu time            0.00 seconds
      


NOTE: The file _MAC is:
      Catalog Name=WORK.MACROS.VARIABLES.SOURCE,
      Catalog Page Size=4096,
      Number of Catalog Pages=5,
      Created=Sat, Oct 24, 2020 06:48:37 PM,
      Last Modified=Sat, Oct 24, 2020 06:48:37 PM,
      Filename=C:\Users\20161277\AppData\Local\Temp\27\SAS Temporary Files\_TD82288_BA-TEACHING_\macros.sas7bcat,
      Release Created=9.0401M3,
      Host Created=X64_DS08R2

NOTE: 2 records were written to the file _MAC.
      The minimum record length was 12.
      The maximum record length was 13.
NOTE: DATA statement used (Total process time):
      real time           0.00 seconds
      cpu time            0.01 seconds
      

NOTE: Fileref _MAC has been deassigned.

12365  %var_profile(DATA=WORK.DATA_FILTERED, OUTPUT=WORK._HISTDATA, METADATA=WORK.Filter3DMDBC, COMPUTESTAT=N, STAT=_STAT, BIN=Y, BINDATA=_bindata, NUMBARS= 16);
*------------------------------------------------------------*
* Filter3: Computing Summary Statistics
*------------------------------------------------------------*

NOTE: There were 0 observations read from the data set WORK.FILTER3DMDBC.
      WHERE (LEVEL='INTERVAL') and (ROLE not = 'FREQ');
NOTE: The data set WORK._NULL has 0 observations and 26 variables.
NOTE: DATA statement used (Total process time):
      real time           0.00 seconds
      cpu time            0.00 seconds
      


NOTE: The file _MAC is:
      Catalog Name=WORK.MACROS.VARIABLES.SOURCE,
      Catalog Page Size=4096,
      Number of Catalog Pages=5,
      Created=Sat, Oct 24, 2020 06:48:37 PM,
      Last Modified=Sat, Oct 24, 2020 06:48:40 PM,
      Filename=C:\Users\20161277\AppData\Local\Temp\27\SAS Temporary Files\_TD82288_BA-TEACHING_\macros.sas7bcat,
      Release Created=9.0401M3,
      Host Created=X64_DS08R2

NOTE: 2 records were written to the file _MAC.
      The minimum record length was 12.
      The maximum record length was 13.
NOTE: DATA statement used (Total process time):
      real time           0.00 seconds
      cpu time            0.00 seconds
      

NOTE: Fileref _MAC has been deassigned.

12368  *------------------------------------------------------------*;
12369  * Filter3: Creating Bar Chart Table;
12370  *------------------------------------------------------------*;
12371  filename cdist catalog 'SASHELP.EMUTIL.EM_CLASSDIST.SOURCE';
12372  %inc cdist;
12486  filename cdist;
NOTE: Fileref CDIST has been deassigned.
12487  %let em_nodeid = Filter3;
12488  %class_profile(DATA=EMWS1.Filter2_TRAIN, OUTPUT=WORK._BARDATA, METADATA=WORK.Filter3DMDBC, STAT=_STAT);

NOTE: There were 0 observations read from the data set WORK.FILTER3DMDBC.
      WHERE (LEVEL not = 'INTERVAL') and (ROLE not = 'FREQ');
NOTE: The data set WORK._NULL has 0 observations and 26 variables.
NOTE: DATA statement used (Total process time):
      real time           0.00 seconds
      cpu time            0.00 seconds
      


NOTE: The file _MAC is:
      Catalog Name=WORK.MACROS.VARIABLES.SOURCE,
      Catalog Page Size=4096,
      Number of Catalog Pages=5,
      Created=Sat, Oct 24, 2020 06:48:37 PM,
      Last Modified=Sat, Oct 24, 2020 06:48:40 PM,
      Filename=C:\Users\20161277\AppData\Local\Temp\27\SAS Temporary Files\_TD82288_BA-TEACHING_\macros.sas7bcat,
      Release Created=9.0401M3,
      Host Created=X64_DS08R2

NOTE: 2 records were written to the file _MAC.
      The minimum record length was 12.
      The maximum record length was 13.
NOTE: DATA statement used (Total process time):
      real time           0.00 seconds
      cpu time            0.01 seconds
      

NOTE: Fileref _MAC has been deassigned.

12491  %class_profile(DATA=WORK.DATA_FILTERED, OUTPUT=WORK._BARDATA, METADATA=WORK.Filter3DMDBC, STAT=_STAT);

NOTE: There were 0 observations read from the data set WORK.FILTER3DMDBC.
      WHERE (LEVEL not = 'INTERVAL') and (ROLE not = 'FREQ');
NOTE: The data set WORK._NULL has 0 observations and 26 variables.
NOTE: DATA statement used (Total process time):
      real time           0.00 seconds
      cpu time            0.01 seconds
      


NOTE: The file _MAC is:
      Catalog Name=WORK.MACROS.VARIABLES.SOURCE,
      Catalog Page Size=4096,
      Number of Catalog Pages=5,
      Created=Sat, Oct 24, 2020 06:48:37 PM,
      Last Modified=Sat, Oct 24, 2020 06:48:40 PM,
      Filename=C:\Users\20161277\AppData\Local\Temp\27\SAS Temporary Files\_TD82288_BA-TEACHING_\macros.sas7bcat,
      Release Created=9.0401M3,
      Host Created=X64_DS08R2

NOTE: 2 records were written to the file _MAC.
      The minimum record length was 12.
      The maximum record length was 13.
NOTE: DATA statement used (Total process time):
      real time           0.00 seconds
      cpu time            0.00 seconds
      

NOTE: Fileref _MAC has been deassigned.

12494  *------------------------------------------------------------*;
12495  * Filter3: Computing metadata for TRAIN data;
12496  *------------------------------------------------------------*;

NOTE: View EMWS1.FILTER3_TRAIN.VIEW used (Total process time):
      real time           0.07 seconds
      cpu time            0.07 seconds
      
NOTE: View EMWS1.FILTER3_TRAIN.VIEW used (Total process time):
      real time           0.08 seconds
      cpu time            0.07 seconds
      
