*------------------------------------------------------------*
* Report Log
Date:                October 24, 2020
Time:                18:49:04
*------------------------------------------------------------*
17030  %let EMEXCEPTIONSTRING=;
17031  *------------------------------------------------------------*;
17032  * REPORT: Prof;
17033  *------------------------------------------------------------*;
17034  %let EM_ACTION = REPORT;
17035  %let syscc = 0;
17036  %macro main;
17037     %if %sysfunc(indexw(&EM_DEBUG, _ALL_)) or %sysfunc(indexw(&EM_DEBUG, SOURCE)) %then %do;
17038         options MPRINT;
17039     %end;
17040  
17041     filename temp catalog 'sashelp.emexpl.profile_macros.source';
17042     %include temp;
17043     filename temp;
17044  
17045     /* Initialize property macro variables */
17046     %SetProperties;
17047  
17048     %if %upcase(&EM_ACTION) = CREATE %then %do;
17049  
17050         filename temp catalog 'sashelp.emexpl.profile_create.source';
17051         %include temp;
17052         filename temp;
17053         %create;
17054     %end;
17055     %else
17056     %if %upcase(&EM_ACTION) = TRAIN %then %do;
17057  
17058         filename temp catalog 'sashelp.emexpl.profile_train.source';
17059         %include temp;
17060         filename temp;
17061         %train;
17062     %end;
17063  %mend main;
17064  
17065  %main;
NOTE: %INCLUDE (level 1) file TEMP is file SASHELP.EMEXPL.PROFILE_MACROS.SOURCE.
17066 +%macro SetProperties;
17067 +   %em_checkmacro(name=EM_PROPERTY_PROFILEALL,         global=Y, value=N);
17068 +   %em_checkmacro(name=EM_PROPERTY_USEREPORTVARS,      global=Y, value=Y);
17069 +   %em_checkmacro(name=EM_PROPERTY_OTHERPERCENTCUTOFF, global=Y, value=95);
17070 +   %em_checkmacro(name=EM_PROPERTY_TARGETROLE,         global=Y, value=NONE);
17071 +   %em_checkmacro(name=EM_PROPERTY_NUMHISTBARS,        global=Y, value=8);
17072 +   %em_checkmacro(name=EM_PROPERTY_MINWORTH,           global=Y, value=0.01);
17073 +   %em_checkmacro(name=EM_PROPERTY_MAXDEPTH,           global=Y, value=1);
17074 +   %em_checkmacro(name=EM_PROPERTY_MAXNUMREPORT,       global=Y, value=10);
17075 +   %em_checkmacro(name=EM_PROPERTY_MAXNUMINPUT,        global=Y, value=10);
17076 +   %em_checkmacro(name=EM_PROPERTY_PRINTWORTH,         global=Y, value=Y);
17077 +%mend SetProperties;
17078 +
17079 +
17080 +%macro makeVarMacros(level= );
17081 +
17082 +    %let numvars = 0;
17083 +    %let where   = '';
17084 +
17085 +    %if (%upcase(&EM_PROPERTY_TARGETROLE) eq INPUT) %then
17086 +        %let where = (ROLE = 'REJECTED' and LEVEL="&level" and USE='Y') or (ROLE in('INPUT', 'TARGET') and LEVEL="&level"  and USE in('Y', 'D'));
17087 +    %else
17088 +        %let where = (ROLE = 'REJECTED' and LEVEL="&level" and USE='Y') or (ROLE ='INPUT' and LEVEL="&level" and USE in('Y', 'D'));
17089 +
17090 +    %if &level = INTERVAL %then %do;
17091 +        %let numvars = %eval( &EM_NUM_INTERVAL_INPUT + &EM_NUM_INTERVAL_REJECTED);
17092 +        %if (%upcase(&EM_PROPERTY_TARGETROLE) eq INPUT) %then
17093 +             %let numvars = %eval(&numvars + &EM_NUM_INTERVAL_TARGET);
17094 +    %end;
17095 +    %else %do;
17096 +        %if &level = NOMINAL %then %do;
17097 +            %let numvars = %eval(&EM_NUM_BINARY_INPUT + &EM_NUM_NOMINAL_INPUT +  &EM_NUM_BINARY_REJECTED + &EM_NUM_NOMINAL_REJECTED);
17098 +             %if (%upcase(&EM_PROPERTY_TARGETROLE) eq INPUT) %then %do;
17099 +                 %let numvars = %eval(&numvars + &EM_NUM_BINARY_TARGET + &EM_NUM_NOMINAL_TARGET);
17100 +                 %let where = (ROLE = 'REJECTED' and LEVEL in('NOMINAL', 'BINARY') and USE='Y') or (ROLE in('INPUT', 'TARGET') and LEVEL in('NOMINAL', 'BINARY') and USE in('Y', 'D'));
17101 +             %end;
17102 +             %else
17103 +                 %let where = (ROLE = 'REJECTED' and LEVEL in('NOMINAL', 'BINARY') and USE='Y') or (ROLE ='INPUT' and LEVEL in("NOMINAL", "BINARY") and USE in('Y', 'D'));
17104 +
17105 +        %end;
17106 +        %else %do;
17107 +            %let numvars = %eval(&EM_NUM_ORDINAL_INPUT + &EM_NUM_ORDINAL_REJECTED);
17108 +            %if (%upcase(&EM_PROPERTY_TARGETROLE) eq INPUT) %then
17109 +                %let numvars = %eval(&numvars + &EM_NUM_ORDINAL_TARGET);
17110 +        %end;
17111 +    %end;
17112 +
17113 +    %if &numvars>0 %then %do;
17114 +         %let numloop = %sysfunc(ceil(&numvars/10000));
17115 +         %let loopcount = 0;
17116 +
17117 +         %do %while((&numloop - &loopcount) > 0);
17118 +             %let first = %eval((&loopcount*10000) + 1);
17119 +             %let last  = %eval(&first + 10000);
17120 +             %let loopcount = %eval(&loopcount +1);
17121 +             %let centry = &EM_LIB..&EM_NODEID._MACS.&LEVEL._&loopcount..SOURCE;
17122 +             filename X catalog "&centry";
17123 +             data _null_;
17124 +                length _STRING_ $80;
17125 +                retain _STRING_ ;
17126 +                file X;
17127 +                set &EM_DATA_VARIABLESET(firstobs=&first obs=&last) end=eof;
17128 +
17129 +                where &where;
17130 +
17131 +                if _N_=1 then
17132 +                   put '%macro _PROFVAR;';
17133 +
17134 +                if (length(_STRING_) + length(trim(NAME))+ 1  < 80) then do;
17135 +                   _STRING_ = trim(_STRING_)!!' '!!trim(NAME);
17136 +                   if eof then do;
17137 +                      put _STRING_;
17138 +                      put '%mend _PROFVAR;';
17139 +                   end;
17140 +                end;
17141 +                else do;
17142 +                   put _STRING_;
17143 +                  _string_ = TRIM(NAME);
17144 +                   if eof then do;
17145 +                      put _string_;
17146 +                      put '%mend _PROFVAR;';
17147 +                   end;
17148 +                end;
17149 +             run;
17150 +             filename X;
17151 +         %end;
17152 +    %end;
17153 +
17154 +%mend makeVarMacros;
17155 +
17156 +
NOTE: %INCLUDE (level 1) ending.
NOTE: Fileref TEMP has been deassigned.
17157  *------------------------------------------------------------*;
17158  * End REPORT: Prof;
17159  *------------------------------------------------------------*;

17160  /* Reset EM Options */
17161  options formchar="|----|+|---+=|-/\<>*";
17162  options nocenter ls=256 ps=10000;
17163  goptions reset=all device=GIF NODISPLAY;

