*------------------------------------------------------------*
* Training Log
Date:                October 23, 2020
Time:                19:47:06
*------------------------------------------------------------*
14714  proc freq data=EMWS1.Tree_VariableSet noprint;
14715  table ROLE*LEVEL/out=WORK.TreeMETA;
14716  run;

NOTE: There were 10 observations read from the data set EMWS1.TREE_VARIABLESET.
NOTE: The data set WORK.TREEMETA has 3 observations and 4 variables.
NOTE: PROCEDURE FREQ used (Total process time):
      real time           0.01 seconds
      cpu time            0.01 seconds
      

14717  proc print data=WORK.TreeMETA label noobs;
14718  var ROLE LEVEL COUNT;
14719  label ROLE = "%sysfunc(sasmsg(sashelp.dmine, meta_role_vlabel, NOQUOTE))" LEVEL = "%sysfunc(sasmsg(sashelp.dmine, meta_level_vlabel, NOQUOTE))" COUNT = "%sysfunc(sasmsg(sashelp.dmine, rpt_count_vlabel, NOQUOTE))";
14720  title9 ' ';
14721  title10 "%sysfunc(sasmsg(sashelp.dmine, rpt_varSummary_title  , NOQUOTE))";
14722  run;

NOTE: There were 3 observations read from the data set WORK.TREEMETA.
NOTE: The PROCEDURE PRINT printed page 1.
NOTE: PROCEDURE PRINT used (Total process time):
      real time           0.00 seconds
      cpu time            0.00 seconds
      

14723  title10;

14724  %let EMNORLEN = %DMNORLEN;
EMWS1.VarClus_TRAIN EMWS1.VarClus_TRAIN 
EMWS1.VarClus_TRAIN EMWS1.VarClus_TRAIN EMWS1 VarClus_TRAIN 
EMWS1.VarClus_TRAIN EMWS1.VarClus_TRAIN 
EMWS1.VarClus_TRAIN EMWS1.VarClus_TRAIN EMWS1 VarClus_TRAIN 
14771  data WORK.Tree_EVENT(KEEP=VARIABLE LABEL LEVEL EVENT NUMLEVELS ORDER);
14772  length ORDER $20;
14773  label VARIABLE = "%sysfunc(sasmsg(sashelp.dmine, rpt_target_vlabel,  NOQUOTE))" EVENT = "%sysfunc(sasmsg(sashelp.dmine, assmt_event_vlabel, NOQUOTE))" NUMLEVELS = "%sysfunc(sasmsg(sashelp.dmine, rpt_numcat_vlabel, NOQUOTE))" LEVEL =
14774     "%sysfunc(sasmsg(sashelp.dmine, meta_level_vlabel, NOQUOTE))" ORDER = "%sysfunc(sasmsg(sashelp.dmine, meta_order_vlabel, NOQUOTE))" LABEL = "%sysfunc(sasmsg(sashelp.dmine, meta_label_vlabel, NOQUOTE))";
14775  set EMWS1.TREE_CHURNED_DM( where=(_TYPE_="TARGET"));
14776  NumLevels=2;
14777  select(upcase(ORDER));
14778  when('DESC') ORDER = 'Descending';
14779  when('ASC') ORDER = 'Ascending';
14780  when('FMTDESC') ORDER = 'Formatted Descending';
14781  when('FMTASC') ORDER = 'Formatted Ascending';
14782  otherwise ORDER = 'Descending';
14783  end;
14784  output;
14785  run;

NOTE: There were 1 observations read from the data set EMWS1.TREE_CHURNED_DM.
      WHERE _TYPE_='TARGET';
NOTE: The data set WORK.TREE_EVENT has 1 observations and 6 variables.
NOTE: DATA statement used (Total process time):
      real time           0.01 seconds
      cpu time            0.01 seconds
      

14786  title9 ' ';
14787  proc print data=WORK.Tree_EVENT noobs label;
14788  var VARIABLE EVENT LEVEL NUMLEVELS ORDER LABEL;
14789  title9 ' ';
14790  title10 "%sysfunc(sasmsg(sashelp.dmine, rpt_modelEvent_title  , NOQUOTE))";
14791  run;

NOTE: There were 1 observations read from the data set WORK.TREE_EVENT.
NOTE: The PROCEDURE PRINT printed page 2.
NOTE: PROCEDURE PRINT used (Total process time):
      real time           0.00 seconds
      cpu time            0.00 seconds
      

14792  title10;

"No decisions defined for target "Churned"." 
14793  proc print data = EMWS1.Tree_Churned_DM noobs label;
14794  var _type_ variable label;
14795  where _type_ ^in('MATRIX', 'DECISION', 'TRAINPRIOR', 'DATAPRIOR', 'DECPRIOR');
14796  label _TYPE_ = "%sysfunc(sasmsg(sashelp.dmine, rpt_type_vlabel,     NOQUOTE))" VARIABLE = "%sysfunc(sasmsg(sashelp.dmine, rpt_variable_vlabel, NOQUOTE))" LABEL = "%sysfunc(sasmsg(sashelp.dmine, meta_label_vlabel, NOQUOTE))";
14797  title9 ' ';
14798  title10 "%sysfunc(sasmsg(sashelp.dmine, rpt_predDecVars_title  , NOQUOTE))";
14799  run;

NOTE: There were 7 observations read from the data set EMWS1.TREE_CHURNED_DM.
      WHERE _type_ not in ('DATAPRIOR', 'DECISION', 'DECPRIOR', 'MATRIX', 'TRAINPRIOR');
NOTE: The PROCEDURE PRINT printed page 3.
NOTE: PROCEDURE PRINT used (Total process time):
      real time           0.00 seconds
      cpu time            0.00 seconds
      

14800  title10;

14801  %let EMEXCEPTIONSTRING=;
15314  *------------------------------------------------------------*;
15315  * Tree: Generation of macros and macro variables;
15316  * To see the code generated, set the EM_DEBUG macro variable to SOURCE or _ALL_;
15317  *------------------------------------------------------------*;

15318  %let EMEXCEPTIONSTRING=;
15319  *------------------------------------------------------------*;
15320  * TRAIN: Tree;
15321  *------------------------------------------------------------*;
15322  %let EM_ACTION = TRAIN;
15323  %let syscc = 0;
15324  %macro main;
15325  
15326    %if %upcase(&EM_ACTION) = CREATE %then %do;
15327      filename temp catalog 'sashelp.emmodl.tree_create.source';
15328      %include temp;
15329      filename temp;
15330  
15331      %em_tree_create;
15332    %end;
15333  
15334     %else
15335     %if %upcase(&EM_ACTION) = TRAIN %then %do;
15336  
15337         filename temp catalog 'sashelp.emmodl.tree_train.source';
15338         %include temp;
15339         filename temp;
15340         %em_tree_train;
15341     %end;
15342  
15343    %else
15344    %if %upcase(&EM_ACTION) = SCORE %then %do;
15345      filename temp catalog 'sashelp.emmodl.tree_score.source';
15346      %include temp;
15347      filename temp;
15348  
15349      %em_tree_score;
15350  
15351    %end;
15352  
15353    %else
15354    %if %upcase(&EM_ACTION) = REPORT %then %do;
15355  
15356         filename temp catalog 'sashelp.emmodl.tree_report.source';
15357         %include temp;
15358         filename temp;
15359  
15360         %em_tree_report;
15361     %end;
15362  
15363    %else
15364    %if %upcase(&EM_ACTION) = OPENINT %then %do;
15365  
15366         filename temp catalog 'sashelp.emmodl.tree_actions.source';
15367         %include temp;
15368         filename temp;
15369         %EM_TREE_OPENTREEVIEWER;
15370  
15371     %end;
15372  
15373    %else
15374    %if %upcase(&EM_ACTION) = CLOSEINT %then %do;
15375  
15376         filename temp catalog 'sashelp.emmodl.tree_actions.source';
15377         %include temp;
15378         filename temp;
15379         %EM_TREE_CLOSETREEVIEWER;
15380  
15381     %end;
15382  
15383  
15384     %doendm:
15385  %mend main;
15386  
15387  %main;
NOTE: %INCLUDE (level 1) file TEMP is file SASHELP.EMMODL.TREE_TRAIN.SOURCE.
15389 +%macro em_tree_train;
15391 +   %if &EM_IMPORT_DATA eq %then %do;
15392 +       %let EMEXCEPTIONSTRING = exception.server.IMPORT.NOTRAIN,1;
15393 +       %put &em_codebar;
15394 +       %let errormsg = %sysfunc(sasmsg(sashelp.dmine, error_nodeTrainRawData_note, NOQUOTE));
15395 +       %put &errormsg;
15396 +       %put &em_codebar;
15397 +       %goto doendm;
15398 +   %end;
15399 +   %else
15400 +       %let EMEXCEPTIONSTRING =;
15402 +   %if  &EM_NUM_TARGET lt 1 %then %do;
15403 +        %let EMEXCEPTIONSTRING = exception.server.USE1TARGET;
15404 +        %put &em_codebar;
15405 +        %let errormsg = %sysfunc(sasmsg(sashelp.dmine, metadata.use01target_err, NOQUOTE));
15406 +        %put &errormsg;
15407 +        %put &em_codebar;
15408 +        %goto doendm;
15409 +   %end;
15411 +   %if  (&EM_NUM_INTERVAL_INPUT < 1) and (&EM_NUM_BINARY_INPUT < 1) and (&EM_NUM_ORDINAL_INPUT < 1)
15412 +        and (&EM_NUM_NOMINAL_INPUT < 1) and (&EM_NUM_INTERVAL_REJECTED < 1) and (&EM_NUM_BINARY_REJECTED <1)
15413 +        and (&EM_NUM_ORDINAL_REJECTED < 1) and (&EM_NUM_NOMINAL_REJECTED < 1) %then %do;
15414 +        %let EMEXCEPTIONSTRING = exception.server.USEATLEAST1INPUTREJECT;
15415 +        %put &em_codebar;
15416 +        %let errormsg = %sysfunc(sasmsg(sashelp.dmine, error_noInput_note, NOQUOTE));
15417 +        %put &errormsg;
15418 +        %put &em_codebar;
15419 +        %goto doendm;
15420 +   %end;
15422 +   /* Initialize property macro variables */
15423 +   filename temp catalog 'sashelp.emmodl.tree_macros.source';
15424 +   %include temp;
15425 +   filename temp;
15427 +   %EM_SetProperties;
15429 +   /* need to delete EMTREE if not used as import tree data since AUTODELETE=N */
15430 +   %EM_GETNAME(key=EMTREE, type=DATA);
15431 +   %if "&EM_PROPERTY_IMPORTMODEL" eq "Y" %then %do;
15432 +     /* if import eq Y and no importtable defined, throw an exception */
15433 +      %if %length(&EM_PROPERTY_ImportedTreeData)=0 %then %do;
15434 +         %let EMEXCEPTIONSTRING = exception.server.EMTOOL.NOTREEMODELDATASET;
15435 +         %let  errmsg = %sysfunc(sasmsg(sashelp.dmine, NOTREEMODELDATASET_ERR , NOQUOTE));
15436 +         %put &em_codebar;
15437 +         %put &errmsg;
15438 +         %put &em_codebar;
15439 +         %goto doendm;
15440 +      %end;
15441 +      %else %if %sysfunc(exist(&EM_PROPERTY_ImportedTreeData))=0 %then %do;
15442 +         %let EMEXCEPTIONSTRING = exception.server.EMTOOL.INVALIDTREEMODELDATASET;
15443 +         %put &em_codebar;
15444 +         %let errormsg = %sysfunc(sasmsg(sashelp.dmine, emtool.INVALIDTREEMODELDATASET_ERR, NOQUOTE));
15445 +         %put &errormsg;
15446 +         %put &em_codebar;
15447 +         %goto doendm;
15448 +      %end;
15449 +      %else %do;
15450 +         %let dsid=%sysfunc(open(&EM_PROPERTY_ImportedTreeData));
15451 +         %let varnumID = %sysfunc(varnum(&dsid,ID));
15452 +         %let varnumLabel = %sysfunc(varnum(&dsid,LABEL));
15453 +         %let varnumX = %sysfunc(varnum(&dsid,X));
15454 +         %let varnumY = %sysfunc(varnum(&dsid,Y));
15455 +         %let dsid = %sysfunc(close(&dsid));
15456 +         %if &varnumID=0 or &varnumLabel=0 or &varnumX=0 or &varnumY=0 %then %do;
15457 +            %let EMEXCEPTIONSTRING = exception.server.EMTOOL.INVALIDTREEMODELDATASET;
15458 +            %put &em_codebar;
15459 +            %let errormsg = %sysfunc(sasmsg(sashelp.dmine, emtool.INVALIDTREEMODELDATASET_ERR, NOQUOTE));
15460 +            %put &errormsg;
15461 +            %put &em_codebar;
15462 +            %goto doendm;
15463 +         %end;
15464 +      %end;
15465 +      %if %qupcase(&EM_USER_EMTREE) ne %qupcase(&EM_PROPERTY_ImportedTreeData) and (%sysfunc(exist(&EM_USER_EMTREE)) or %sysfunc(exist(&EM_USER_EMTREE, VIEW))) %then %do;
15466 +         proc delete data=&EM_USER_EMTREE;
15467 +         run;
15468 +      %end;
15469 +   %end;
15470 +   %else %if "&EM_PROPERTY_FREEZE" ne "Y" and (%sysfunc(exist(&EM_USER_EMTREE)) or %sysfunc(exist(&EM_USER_EMTREE, VIEW))) %then %do;
15471 +      proc delete data=&EM_USER_EMTREE;
15472 +      run;
15473 +   %end;
15475 +   /* load tree macros */
15476 +   filename temp catalog 'sashelp.emmodl.tree_trainmacros.source';
15477 +   %include temp;
15478 +   filename temp;
15480 +   /* data sets */
15481 +   %EM_GETNAME(key=OUTSTATS,   type=DATA);
15482 +   %EM_GETNAME(key=EXPORTTREE, type=DATA);
15483 +   %EM_GETNAME(key=TREE_PLOT,     type=DATA);
15485 +   /* files */
15486 +   %EM_REGISTER(key=ENGLISHRULES, type=FILE, extension=txt);
15488 +   /* check actual num of target levels */
15489 +   %if ("%EM_TARGET_LEVEL" eq "BINARY") %then %do;
15490 +      %EM_CheckBinaryTargetLevel(indata=&EM_IMPORT_DATA, target=%EM_TARGET,
15491 +                              nLevel=_nTargetLevel );
15492 +      %if &_nTargetLevel  > 2 %then %do;
15493 +        %let EMEXCEPTIONSTRING = exception.server.METADATA.WRONGTARGETLEVEL,&target_Var;
15494 +        %put &em_codebar;
15495 +        %let errormsg = %sysfunc(sasmsg(sashelp.dmine, metadata.wrongtargetlevel, NOQUOTE));
15496 +        %put &errormsg;
15497 +        %put &em_codebar;
15498 +        %goto doendm;
15499 +      %end;
15500 +   %end;
15502 +   /* neither cost variables nor constant cost are valid with USEDECISIONS */
15503 +   %if "&EM_PROPERTY_USEDECISION" eq "Y" %then %do;
15504 +     %if %sysfunc(exist(&EM_DEC_DECMETA)) %then %do;
15505 +        %let costflag=0;
15506 +        data _null_;
15507 +          set &EM_DEC_DECMETA(where=(_TYPE_="DECISION" AND USE="Y" AND ^missing(COST) )) end=eof;
15508 +          if eof then call symput("costflag", _N_);
15509 +        run;
15510 +        %if &costflag gt 0 %then %do;
15511 +          %let EMEXCEPTIONSTRING = exception.server.TREE.INVALIDDECISION;
15512 +          %put &em_codebar;
15513 +          %let errormsg = %sysfunc(sasmsg(sashelp.dmine, costnotvalidwithusedecisions_note_err, NOQUOTE));
15514 +          %put &errormsg;
15515 +          %put &em_codebar;
15516 +          %goto doendm;
15517 +       %end;
15518 +     %end;
15519 +   %end;
15521 +   /* determine if multiple targets will be processed */
15522 +   %let em_tree_multipleTargets=N;
15523 +   %let em_tree_numTarget = 1;
15524 +   %let em_tree_targetVars=;
15526 +   %if "&EM_PROPERTY_USEMULTIPLETARGET" eq "Y" %then %do;
15527 +      /* determine if there are any ordinal target variables - if so, multiple targets are not supported */
15528 +      %if &EM_NUM_ORDINAL_TARGET gt 0 %then %do;
15529 +         %let em_tree_multipleTargets=N;
15530 +      %end;
15531 +      %else %do;
15532 +         /* create macro array of targets  */
15533 +         data _null_;
15534 +           set &EM_DATA_VARIABLESET(where=(ROLE='TARGET' AND LEVEL^='ORDINAL')) end=eof;
15535 +           call symput('em_tree_targetVars'!!strip(put(_N_, BEST.)), strip(Name));
15536 +           if eof then
15537 +             call symput('em_tree_numTarget', strip(put(_N_, BEST.)));
15538 +        run;
15540 +        %if &em_tree_numTarget gt 1 %then %do;
15541 +           %let em_tree_multipleTargets=Y;
15542 +        %end;
15543 +      %end;
15544 +   %end;
15546 +   /* create view of only necessary variable for performance reasons */
15547 +   %let tempData = &EM_LIB..em_&EM_NODEID;
15548 +   data &tempData / view=&tempData;
15549 +     set &EM_IMPORT_DATA (keep=%EM_INPUT %EM_REJECTED %EM_TARGET %EM_FREQ %EM_COST
15550 +     %if "&em_tree_multipleTargets" eq "N" %then %do;
15551 +       %EM_TARGET
15552 +     %end;
15553 +     %else %do;
15554 +       %if &em_tree_numTarget ne 0 %then %do;
15555 +         %do i=1 %to &em_tree_numTarget;
15556 +            &&em_tree_targetVars&i
15557 +         %end;
15558 +       %end;
15559 +     %end;
15560 +     );
15561 +   run;
15563 +   /* run Tree procedure */
15564 +   %em_tree_runTreeProcedure(indata=&tempData, multipleTar=&em_tree_multipleTargets);
15566 +   /* Check return code and throw exception if error is detected */
15567 +   %if %length(&EMEXCEPTIONSTRING) %then %goto doendm;
15568 +   %if &syserr %then %do;
15569 +     %let EMEXCEPTIONSTRING = exception.server.EMTOOL.GENERICRUNTIMEEXCEPTION;
15570 +     %goto doendm;
15571 +   %end;
15573 +   /* add decision score code if multiple targets are processed */
15574 +   %if "&em_tree_multipleTargets" eq "Y" %then %do;
15575 +     %EM_MODEL(TARGET=%EM_TARGET, DECSCORECODE=Y, CLASSIFICATION=Y, FITSTATISTICS=N);
15576 +   %end;
15578 +   /* create outfit dataset if multiple score statements have been executed */
15579 +   %em_tree_createFitStats(multipleTar=&em_tree_multipleTargets);
15581 +   /* create English Rules */
15582 +   filename X "&EM_USER_ENGLISHRULES" encoding='utf-8' NOBOM;
15583 +     %if "&em_Tree_multipleTargets" eq "N" %then %do;
15584 +       %em_tree_makeEnglishRules;
15586 +       /* English Rules */
15587 +       %EM_REPORT(key=ENGLISHRULES, viewtype=SOURCE, block=MODEL, description=ENGLISHRULES, autodisplay=N);
15589 +     %end;
15590 +   filename x;
15592 +   %doendm:
15593 +%mend em_tree_train;
NOTE: %INCLUDE (level 1) ending.
NOTE: Fileref TEMP has been deassigned.
NOTE: %INCLUDE (level 1) file TEMP is file SASHELP.EMMODL.TREE_MACROS.SOURCE.
15594 +%macro EM_SetProperties;
15596 +   /* train properties */
15597 +   %em_checkmacro(name=EM_PROPERTY_ImportModel,            value=N, global=Y);
15598 +   %em_checkmacro(name=EM_PROPERTY_ImportedTreeData,       value=, global=Y);
15599 +   %em_checkmacro(name=EM_PROPERTY_FREEZE,                 value=N, global=Y);
15600 +   %em_checkmacro(name=EM_PROPERTY_USEMULTIPLETARGET,      value=N, global=Y);
15601 +   %em_checkmacro(name=EM_PROPERTY_NOMINALCRITERION,       value=PROBCHISQ, global=Y);
15602 +   %em_checkmacro(name=EM_PROPERTY_ORDINALCRITERION,       value=ENTROPY, global=Y);
15603 +   %em_checkmacro(name=EM_PROPERTY_INTERVALCRITERION,      value=PROBF, global=Y);
15604 +   %em_checkmacro(name=EM_PROPERTY_CRITERION,              value=DEFAULT, global=Y);
15605 +   %em_checkmacro(name=EM_PROPERTY_SIGLEVEL,               value=0.2, global=Y);
15606 +   %em_checkmacro(name=EM_PROPERTY_SPLITSIZE,              value=., global=Y);
15607 +   %em_checkmacro(name=EM_PROPERTY_LEAFSIZE,               value=5, global=Y);
15608 +   %em_checkmacro(name=EM_PROPERTY_MINCATSIZE,             value=5, global=Y);
15609 +   %em_checkmacro(name=EM_PROPERTY_MAXBRANCH,              value=2, global=Y);
15610 +   %em_checkmacro(name=EM_PROPERTY_MAXDEPTH,               value=6, global=Y);
15611 +   %em_checkmacro(name=EM_PROPERTY_NRULES,                 value=5, global=Y);
15612 +   %em_checkmacro(name=EM_PROPERTY_NSURRS,                 value=0, global=Y);
15613 +   %em_checkmacro(name=EM_PROPERTY_MISSINGVALUE,           value=USEINSEARCH, global=Y);
15614 +   %em_checkmacro(name=EM_PROPERTY_USEVARONCE,             value=N, global=Y);
15615 +   %em_checkmacro(name=EM_PROPERTY_SUBTREE,                value=ASSESSMENT, global=Y);
15616 +   %em_checkmacro(name=EM_PROPERTY_NSUBTREE,               value=1, global=Y);
15617 +   %em_checkmacro(name=EM_PROPERTY_ASSESSMEASURE,          value=PROFIT/LOSS, global=Y);
15618 +   %em_checkmacro(name=EM_PROPERTY_ASSESSPERCENTAGE,       value=0.25, global=Y);
15619 +   %em_checkmacro(name=EM_PROPERTY_NODESAMPLE,             value=20000, global=Y);
15620 +   %em_checkmacro(name=EM_PROPERTY_EXHAUSTIVE,             value=5000, global=Y);
15621 +   %em_checkmacro(name=EM_PROPERTY_USEDECISION,            value=N, global=Y);
15622 +   %em_checkmacro(name=EM_PROPERTY_USEPRIORS,              value=N, global=Y);
15623 +   %em_checkmacro(name=EM_PROPERTY_KASS,                   value=Y, global=Y);
15624 +   %em_checkmacro(name=EM_PROPERTY_KASSAPPLY,              value=BEFORE, global=Y);
15625 +   %em_checkmacro(name=EM_PROPERTY_DEPTH,                  value=Y, global=Y);
15626 +   %em_checkmacro(name=EM_PROPERTY_INPUTS,                 value=N, global=Y);
15627 +   %em_checkmacro(name=EM_PROPERTY_NUMINPUTS,              value=1, global=Y);
15628 +   %em_checkmacro(name=EM_PROPERTY_DUMMY,                  value=N, global=Y);
15629 +   %em_checkmacro(name=EM_PROPERTY_LEAFID,                 value=Y, global=Y);
15630 +   %em_checkmacro(name=EM_PROPERTY_PREDICT,                value=Y, global=Y);
15631 +   %em_checkmacro(name=EM_PROPERTY_PERFORMANCE,            value=DISK, global=Y);
15632 +   %em_checkmacro(name=EM_PROPERTY_CV,                     value=N, global=Y);
15633 +   %em_checkmacro(name=EM_PROPERTY_CVNITER,                value=10, global=Y);
15634 +   %em_checkmacro(name=EM_PROPERTY_CVREPEAT,               value=1, global=Y);
15635 +   %em_checkmacro(name=EM_PROPERTY_CVSEED,                 value=12345, global=Y);
15636 +   %em_checkmacro(name=EM_PROPERTY_OBSIMPORTANCE,          value=N, global=Y);
15637 +   %em_checkmacro(name=EM_PROPERTY_NUMSINGLEIMP,           value=5, global=Y);
15639 +   /* properties for interactive sample */
15640 +   %em_checkmacro(name=EM_PROPERTY_CREATESAMPLE,           value=DEFAULT, global=Y);
15641 +   %em_checkmacro(name=EM_PROPERTY_SAMPLEMETHOD,           value=RANDOM, global=Y);
15642 +   %em_checkmacro(name=EM_PROPERTY_SAMPLESIZE,             value=10000, global=Y);
15643 +   %em_checkmacro(name=EM_PROPERTY_SAMPLESEED,             value=12345, global=Y);
15645 +   /* report properties */
15646 +   %em_checkmacro(name=EM_PROPERTY_PRECISION,              value=4, global=Y);
15647 +   %em_checkmacro(name=EM_PROPERTY_SPLITPRECISION,         value=4, global=Y);
15648 +   %em_checkmacro(name=EM_PROPERTY_CLASSCOLORBY,           value=PERCENTEVEN, global=Y);
15649 +   %em_checkmacro(name=EM_PROPERTY_INTCOLORBY,             value=AVG, global=Y);
15650 +   %em_checkmacro(name=EM_PROPERTY_SHOWNODEID,             value=Y, global=Y);
15651 +   %em_checkmacro(name=EM_PROPERTY_SHOWVALID,              value=Y, global=Y);
15652 +   %em_checkmacro(name=EM_PROPERTY_PRED,                   value=N, global=Y);
15653 +   %em_checkmacro(name=EM_PROPERTY_TARGET,                 value=ALL, global=Y);
15654 +   %em_checkmacro(name=EM_PROPERTY_COUNT,                  value=Y, global=Y);
15655 +   %em_checkmacro(name=EM_PROPERTY_PERCENTCORRECT,         value=N, global=Y);
15656 +   %em_checkmacro(name=EM_PROPERTY_PROFITLOSS,             value=NONE, global=Y);
15657 +   %em_checkmacro(name=EM_PROPERTY_AVG,                    value=Y, global=Y);
15658 +   %em_checkmacro(name=EM_PROPERTY_RASE,                   value=N, global=Y);
15660 +   /* score properties */
15661 +   %em_checkmacro(name=EM_PROPERTY_VARSELECTION,           value=Y, global=Y);
15662 +   %em_checkmacro(name=EM_PROPERTY_NODEROLE,               value=SEGMENT, global=Y);
15664 +%mend EM_SetProperties;
NOTE: %INCLUDE (level 1) ending.
NOTE: Fileref TEMP has been deassigned.

NOTE: Deleting EMWS1.TREE_EMTREE (memtype=DATA).
NOTE: PROCEDURE DELETE used (Total process time):
      real time           0.00 seconds
      cpu time            0.00 seconds
      

NOTE: %INCLUDE (level 1) file TEMP is file SASHELP.EMMODL.TREE_TRAINMACROS.SOURCE.
15666 +%Macro EM_CheckBinaryTargetLevel(indata=, target=,  nLevel= );
15667 +  %global &nLevel;
15668 +  proc dmdb batch data=&indata
15669 +    classout=_tmp_dmdbout;
15670 +    class &target;
15671 +  run;
15672 +  data _tmp_dmdbout;
15673 +    set _tmp_dmdbout;
15674 +    if strip(TYPE) = 'N' and  strip(LEVEL) = '.' then delete;
15675 +    if strip(TYPE) = 'C' and  strip(LEVEL) = '' then delete;
15676 +  run;
15677 +  data _null_;
15678 +    %let dsid = %sysfunc(open(work._tmp_dmdbout));
15679 +    %let _obs = %sysfunc(attrn(&dsid, NOBS));
15680 +    %let dsid = %sysfunc(close(&dsid));
15681 +     call symput("&nLevel", put(&_obs, Best12.));
15682 +  run;
15684 +  proc datasets lib=work nolist;
15685 +     delete _tmp_dmdbout;
15686 +  run;
15687 +  quit;
15688 +%Mend EM_CheckBinaryTargetLevel;
15691 +%macro em_tree_runTreeProcedure(indata= , multipleTar= , intFlag= );
15693 +  /* determine the number of obs in training data */
15694 +  proc sql;
15695 +    reset noprint;
15696 +    select count(*) into :em_nobs from &indata;
15697 +  quit;
15699 +  /* determine the number of input variables */
15700 +  %let numinputs = %eval(&EM_NUM_BINARY_INPUT + &EM_NUM_NOMINAL_INPUT + &EM_NUM_ORDINAL_INPUT + &EM_NUM_INTERVAL_INPUT+
15701 +                         &EM_NUM_BINARY_REJECTED + &EM_NUM_NOMINAL_REJECTED + &EM_NUM_ORDINAL_REJECTED + &EM_NUM_INTERVAL_REJECTED);
15703 +  /* retrieve targetEvent from decmeta */
15704 +  %let targetEvent=;
15705 +  %if "%EM_TARGET_LEVEL" ne "INTERVAL" %then %do;
15706 +    %if %sysfunc(exist(&EM_DEC_DECMETA)) %then %do;
15707 +      data _null_;
15708 +       set &EM_DEC_DECMETA(where=(_TYPE_="TARGET"));
15709 +       call symput('targetEvent', strip(tranwrd(EVENT,'"','""')));
15710 +      run;
15711 +    %end;
15712 +  %end;
15714 +  /* create targetTable if multipleTar eq Y */
15715 +  data temptarget;
15716 +    set &EM_DATA_VARIABLESET;
15717 +    where ROLE="TARGET" AND LEVEL^="ORDINAL";
15718 +  run;
15720 + /* data sets */
15721 + %EM_GETNAME(key=OUTSTATS,      type=DATA);
15722 + %EM_GETNAME(key=EMTREE,        type=DATA);
15723 + %EM_GETNAME(key=OUTOBSIMP,     type=DATA);
15724 + %EM_GETNAME(key=OUTSEQ,        type=DATA);
15725 + %EM_GETNAME(key=OUTIMPORT,     type=DATA);
15726 + %EM_GETNAME(key=OUTNODES,      type=DATA);
15727 + %EM_GETNAME(key=OUTSUMMARY,    type=DATA);
15728 + %EM_GETNAME(key=OUTTOPOLOGY,   type=DATA);
15729 + %EM_GETNAME(key=OUTPATH,       type=DATA);
15730 + %EM_GETNAME(key=OUTRULES,      type=DATA);
15732 + /* files */
15733 + %EM_GETNAME(key=TREEFLOW, type=FILE, extension=sas);
15734 + %EM_GETNAME(key=TREEPUBLISH, type=FILE, extension=sas);
15736 + /* turn on pmml if requested */
15737 + %let nnpmml=0;
15738 + %if %symexist(EM_PMML) %then %do;
15739 +    %if %upcase(&EM_PMML)=Y or %upcase(&EM_PMML)=YES %then %do;
15740 +       %let nnpmml=1;
15742 +       ods pmml file="&EM_FILE_EMPMML" encoding="UTF-8";
15743 +%end;
15745 + %let numClassTarget = %sysevalf(&EM_NUM_BINARY_TARGET + &EM_NUM_NOMINAL_TARGET + &EM_NUM_ORDINAL_TARGET);
15747 + %if &nnpmml or &numClassTarget %then %do;
15749 +       /* create dmdb needed for pmml generation */
15750 +       %let tree_maxlevel = 512;
15751 +       %if %symexist(EM_TRAIN_MAXLEVELS) %then %do;
15752 +         %if &EM_TRAIN_MAXLEVELS ne %then %do;
15753 +           %let tree_maxlevel = &EM_TRAIN_MAXLEVELS;
15754 +         %end;
15755 +       %end;
15756 +       %if &tree_maxlevel gt 0 %then %do;
15757 +           %let tree_maxlevel=%sysevalf(&tree_maxlevel+1);
15758 +          %let tree_maxlevel=%sysfunc(max(3, &tree_maxlevel ));
15759 +       %end;
15761 +       %let targetOrderString =;
15762 +       %let targetString = ;
15763 +       data _null_;
15764 +          length orderString nameString $10000;
15765 +          retain orderString nameString;
15766 +          set &em_data_variableset end=eof;
15767 +          %if "&EM_PROPERTY_USEMULTIPLETARGET" eq "Y" and ^&em_num_ordinal_target %then %do;
15768 +              where ROLE="TARGET" and LEVEL in("BINARY", "NOMINAL");
15769 +          %end;
15770 +          %else %do;
15771 +              where ROLE="TARGET" and LEVEL in("BINARY", "NOMINAL", "ORDINAL") and USE ='Y';
15772 +          %end;          select(order);
15773 +            when('')        order ='DESC';
15774 +            when('FMTASC')  order='ASCFMT';
15775 +            when('FMTDESC') order='DESFMT';
15776 +            otherwise;
15777 +          end;
15778 +          orderString = trim(orderString)!!' '!!trim(NAME)!!'('!!trim(order)!!')';
15779 +          nameString = trim(nameString)!!' '!!trim(NAME);
15781 +          if eof then do;
15782 +             call symput('targetOrderString', trim(orderString));
15783 +             call symput('targetString', trim(nameString));
15784 +          end;
15785 +       run;
15787 +       %let arborkluge= "work._treeDMDB";
15789 +       proc dmdb batch data=&indata
15790 +       %if &nnpmml %then %do;
15791 +           PMML
15792 +       %end;
15793 +        dmdbcat=_treeDMDB classout=classout varout=varout maxlevel=&tree_maxlevel;
15796 +   %if &nnpmml %then %do;
15797 +        %if "%EM_ID" ne "" %then %do;
15798 +          id %EM_ID;
15799 +        %end;
15800 +        %if &EM_NUM_CLASS gt 0 %then %do;
15801 +          class %EM_BINARY_INPUT %EM_NOMINAL_INPUT %EM_ORDINAL_INPUT
15802 +               %EM_BINARY_REJECTED %EM_NOMINAL_REJECTED %EM_ORDINAL_REJECTED
15803 +               &targetOrderString;
15804 +        %end;
15805 +        %if &EM_NUM_INTERVAL gt 0 %then %do;
15806 +          var %EM_INTERVAL;
15807 +        %end;
15808 +        target &targetString %EM_INTERVAL_TARGET;
15809 +        %if "%EM_FREQ" ne "" %then %do;
15810 +          freq %EM_FREQ;
15811 +        %end;
15812 +  %end;
15813 +  %else %do;
15814 +      class  &targetOrderString;
15815 +      target &targetString %EM_INTERVAL_TARGET;
15816 +  %end;
15817 +       run;
15818 +       quit;
15820 +       proc datasets lib=work nolist;
15821 +          delete classout varout;
15822 +       run;
15823 +       quit;
15825 +    %end;
15826 + %end;
15828 + /* run Arbor procedure */
15829 + %if "&EM_PROPERTY_FREEZE" eq "N" and "&EM_PROPERTY_IMPORTMODEL" eq "N" %then %do;
15830 +  proc arbor data=&INDATA
15832 +  %if "&EM_PROPERTY_LEAFSIZE" ne "" %then %do;
15833 +    Leafsize = &EM_PROPERTY_LEAFSIZE
15834 +  %end;
15836 +  %if (("&EM_PROPERTY_SPLITSIZE" ne ".") AND (&EM_PROPERTY_SPLITSIZE lt &em_nobs)) %then %do;
15837 +    Splitsize = &EM_PROPERTY_SPLITSIZE
15838 +  %end;
15840 +  %if "&EM_PROPERTY_MINCATSIZE" ne "" %then %do;
15841 +    MinCatSize = &EM_PROPERTY_MINCATSIZE
15842 +  %end;
15844 +  %if "&EM_PROPERTY_MAXBRANCH" ne "" %then %do;
15845 +    MaxBranch = &EM_PROPERTY_MAXBRANCH
15846 +  %end;
15848 +  %if "&EM_PROPERTY_MAXDEPTH" ne "" %then %do;
15849 +    MaxDepth = &EM_PROPERTY_MAXDEPTH
15850 +  %end;
15852 +  %if (("%EM_TARGET_LEVEL" eq "NOMINAL") OR ("%EM_TARGET_LEVEL" eq "BINARY")) %then %do;
15853 +    %let Criterion = &EM_PROPERTY_NOMINALCRITERION;
15854 +  %end;
15855 +  %else %if "%EM_TARGET_LEVEL" eq "ORDINAL" %then %do;
15856 +    %let Criterion = &EM_PROPERTY_ORDINALCRITERION;
15857 +  %end;
15858 +  %else %if "%EM_TARGET_LEVEL" eq "INTERVAL" %then %do;
15859 +    %let Criterion = &EM_PROPERTY_INTERVALCRITERION;
15860 +  %end;
15862 +  %if (("&criterion" eq "PROBCHISQ") or ("&criterion" eq "PROBF")) %then %do;
15863 +    %if "&EM_PROPERTY_SIGLEVEL" ne "" %then %do;
15864 +      alpha = &EM_PROPERTY_SIGLEVEL
15865 +    %end;
15866 +  %end;
15868 +  %if (("&EM_PROPERTY_KASS" eq "Y") OR ("&EM_PROPERTY_DEPTH" eq "Y") or ("&EM_PROPERTY_INPUTS" eq "Y")) %then %do;
15869 +    %if (("&Criterion" eq "PROBCHISQ") OR ("&Criterion" eq "PROBF") OR ("&Criterion" eq "DEFAULT")) %then %do;
15870 +      %if (("&EM_PROPERTY_KASS" eq "Y") or ("&EM_PROPERTY_DEPTH" eq "Y")) %then %do;
15871 +        %if "&EM_PROPERTY_KASSAPPLY" eq "BEFORE" %then %let chaid = CHAIDBEFORE;
15872 +        %else %if "&EM_PROPERTY_KASSAPPLY" eq "AFTER" %then %let chaid = CHAIDAFTER;
15874 +        padjust =
15875 +        %if "&EM_PROPERTY_KASS" eq "Y" %then %do;
15876 +          &chaid
15877 +        %end;
15878 +        %if "&EM_PROPERTY_DEPTH" eq "Y" %then %do;
15879 +          DEPTH
15880 +        %end;
15881 +      %end;
15882 +      %if "&EM_PROPERTY_INPUTS" eq "Y" %then %do;
15883 +         %let num_inputs = %sysfunc(min(&numinputs, &EM_PROPERTY_NUMINPUTS));
15884 +         pvars = &num_inputs
15885 +      %end;
15886 +    %end;
15887 +  %end;
15888 +  %else %do;
15889 +      %if (("&Criterion" eq "PROBCHISQ") OR ("&Criterion" eq "PROBF") OR ("&Criterion" eq "DEFAULT")) %then %do;
15890 +         padjust = NONE
15891 +      %end;
15892 +  %end;
15894 +  %if "&EM_PROPERTY_NRULES" ne "" %then %do;
15895 +    %let num_nrules = %sysfunc(min(&numinputs, &EM_PROPERTY_NRULES));
15896 +    Maxrules = &num_nrules
15897 +  %end;
15899 +  %if "&EM_PROPERTY_NSURRS" ne "" %then %do;
15900 +    %let num_nsurrs = %sysfunc(min((&numinputs-1), &EM_PROPERTY_NSURRS));
15901 +    Maxsurrs = &num_nsurrs
15902 +  %end;
15904 +  %if "&EM_PROPERTY_MISSINGVALUE" ne "" %then %do;
15905 +     Missing=&EM_PROPERTY_MISSINGVALUE
15906 +  %end;
15908 +  %if "&EM_PROPERTY_USEVARONCE" eq "Y" %then %do;
15909 +     USEVARONCE
15910 +  %end;
15912 +  %if "&EM_PROPERTY_EXHAUSTIVE" ne "" %then %do;
15913 +    Exhaustive=&EM_PROPERTY_EXHAUSTIVE
15914 +  %end;
15917 +  %if (("&multipleTar" eq "N") AND ("%EM_TARGET_LEVEL" ne "INTERVAL")) %then %do;
15918 +    event = "&targetEvent"
15919 +  %end;
15921 +  %if "&EM_PROPERTY_USEDECISION" eq "Y" %then %do;
15922 +     DECSEARCH
15923 +  %end;
15925 +  %if "&EM_PROPERTY_USEPRIORS" eq "Y" %then %do;
15926 +     PRIORSSEARCH
15927 +  %end;
15929 +  %if &arbor_1 ne %then %do;
15930 +    &arbor_1
15931 +  %end;
15933 +  %if &em_arbor ne %then %do;
15934 +     &em_arbor
15935 +  %end;
15936 +  ;
15937 + %end;
15938 + %else %if "&EM_PROPERTY_IMPORTMODEL" eq "Y"  %then %do;
15939 +     proc arbor data=&INDATA inmodel=&EM_PROPERTY_ImportedTreeData refreshtrain;
15940 +       interact;
15941 + %end;
15942 + %else %if "&EM_PROPERTY_FREEZE" eq "Y" %then %do;
15943 +   %if %sysfunc(exist(&EM_USER_EMTREE)) ne 1 %then %do;
15944 +    %let EMEXCEPTIONSTRING = exception.server.EMTOOL.NOTREEDATASET;
15945 +    %put &em_codebar;
15946 +    %let errormsg = %sysfunc(sasmsg(sashelp.dmine, emtool.notreedataset_err, NOQUOTE));
15947 +    %put &errormsg;
15948 +    %put &em_codebar;
15949 +    %goto doendm;
15950 +   %end;
15951 +   %else %do;
15952 +     proc arbor data=&INDATA inmodel=&EM_USER_EMTREE refreshtrain;
15953 +       interact;
15954 +   %end;
15955 + %end;
15957 + %else %do;
15958 +   %if %sysfunc(exist(&EM_USER_BROWSETREE)) ne 1 %then %do;
15959 +    %let EMEXCEPTIONSTRING = exception.server.EMTOOL.NOTREEDATASET;
15960 +    %put &em_codebar;
15961 +    %let errormsg = %sysfunc(sasmsg(sashelp.dmine, emtool.notreedataset_err, NOQUOTE));
15962 +    %put &errormsg;
15963 +    %put &em_codebar;
15964 +    %goto doendm;
15965 +   %end;
15966 +   %else %do;
15967 +      proc arbor data=&INDATA inmodel=&EM_USER_BROWSETREE refrestrain;
15968 +        interact;
15969 +   %end;
15970 + %end;
15972 + %if "&EM_PROPERTY_FREEZE" eq "N" and "&EM_PROPERTY_IMPORTMODEL" eq "N" %then %do;
15973 +    %if %eval(&EM_NUM_INTERVAL_INPUT + &EM_NUM_INTERVAL_REJECTED) gt 0 %then %do;
15974 +      input %EM_INTERVAL_INPUT %EM_INTERVAL_REJECTED/ level = interval;
15975 +    %end;
15977 +    %if  %eval(&EM_NUM_NOMINAL_INPUT + &EM_NUM_NOMINAL_REJECTED) gt 0 %then %do;
15978 +      input %EM_NOMINAL_INPUT %EM_NOMINAL_REJECTED / level = nominal;
15979 +    %end;
15981 +    %if %eval(&EM_NUM_BINARY_INPUT + &EM_NUM_BINARY_REJECTED) gt 0 %then %do;
15982 +      input %EM_BINARY_INPUT %EM_BINARY_REJECTED / level = nominal;
15983 +    %end;
15985 +    %if %eval(&EM_NUM_ORDINAL_INPUT + &EM_NUM_ORDINAL_REJECTED) gt 0 %then %do;
15986 +      input %EM_ORDINAL_INPUT %EM_ORDINAL_REJECTED/ level = ordinal;
15987 +    %end;
15989 +    %if "%EM_FREQ" ne "" %then %do;
15990 +       freq %EM_FREQ;
15991 +    %end;
15993 +    %if "&multipleTar" eq "Y" %then %do;
15994 +       /* cycle through all target vars in variableset */
15995 +       %let tdsid = %sysfunc(open(temptarget));
15996 +       %if &tdsid %then %do;
15997 +          %let n_var = %sysfunc(varnum(&tdsid, NAME));
15998 +          %let n_lvl = %sysfunc(varnum(&tdsid, LEVEL));
15999 +          %do %while(^ %sysfunc(fetch(&tdsid)));
16000 +             %let var = %sysfunc(getvarc(&tdsid, &n_var));
16001 +             %let lvl = %sysfunc(getvarc(&tdsid, &n_lvl));
16002 +             target &var / level = &lvl
16003 +             %if (("&lvl" eq "BINARY") or ("&lvl" eq "NOMINAL")) %then %do;
16004 +               Criterion=&EM_PROPERTY_NOMINALCRITERION;
16005 +             %end;
16006 +             %else %if "&lvl" eq "INTERVAL" %then %do;
16007 +               Criterion=&EM_PROPERTY_INTERVALCRITERION;
16008 +             %end;
16009 +             %else %if "&lvl" eq "ORDINAL" %then %do;
16010 +               Criterion=&EM_PROPERTY_ORDINALCRITERION;
16011 +             %end;
16012 +          %end;
16013 +          %if &tdsid %then %let tdsid=%sysfunc(close(&tdsid));
16014 +       %end;
16015 +       useTarget variable = %EM_TARGET;
16016 +    %end;
16017 +    %else %do;
16018 +      target %EM_TARGET / level = %EM_TARGET_LEVEL
16019 +      %if (("%EM_TARGET_LEVEL" eq "BINARY") or ("%EM_TARGET_LEVEL" eq "NOMINAL")) %then %do;
16020 +        Criterion=&EM_PROPERTY_NOMINALCRITERION;
16021 +      %end;
16022 +      %else %if "%EM_TARGET_LEVEL" eq "INTERVAL" %then %do;
16023 +        Criterion=&EM_PROPERTY_INTERVALCRITERION;
16024 +      %end;
16025 +      %else %if "%EM_TARGET_LEVEL" eq "ORDINAL" %then %do;
16026 +        Criterion=&EM_PROPERTY_ORDINALCRITERION;
16027 +      %end;
16028 +    %end;
16030 +    %if "&multipleTar" eq "N" %then %do;
16031 +      &EM_DEC_STATEMENT;
16032 +    %end;
16034 +    Performance &EM_PROPERTY_PERFORMANCE
16035 +    %if "&EM_PROPERTY_NODESAMPLE" ne "" %then %do;
16036 +      nodesize=&EM_PROPERTY_NODESAMPLE
16037 +    %end;
16038 +    ;
16040 +    %if "&intFlag" eq "Y" %then %do;
16041 +       INTERACT Largest;
16042 +       Train maxnewdepth=0;
16043 +    %end;
16045 +       %if "&EM_PROPERTY_ASSESSMEASURE" ne "" %then %do;
16046 +         Assess
16047 +         %if (("&EM_IMPORT_VALIDATE" ne "") AND (%sysfunc(exist(&EM_IMPORT_VALIDATE)) or %sysfunc(exist(&EM_IMPORT_VALIDATE,VIEW)) )) %then %do;
16048 +            %if "&EM_PROPERTY_CV" eq "Y" %then %do;
16049 +              %put &em_codebar;
16050 +              %let errormsg = %sysfunc(sasmsg(sashelp.dmine, novalidationwithcv_note, NOQUOTE));
16051 +              %put &errormsg;
16052 +              %put &em_codebar;
16053 +            %end;
16054 +            %else %do;
16055 +               Validata=&EM_IMPORT_VALIDATE
16056 +            %end;
16057 +         %end;
16058 +         %else %do;
16059 +           NoValidata
16060 +         %end;
16061 +         %if "&EM_PROPERTY_TRAINMODE" ne "INTERACTIVE" %then %do;
16062 +            %if "&EM_PROPERTY_ASSESSMEASURE" eq "PROFIT/LOSS" %then %do;
16063 +               %let dsid=%sysfunc(open(&EM_DEC_DECMETA(where=(_TYPE_='MATRIX'))));
16064 +               %if &dsid %then %do;
16065 +                 %let usenum = %sysfunc(varnum(&dsid, USE));
16066 +                 %do %while(^ %sysfunc(fetch(&dsid)));
16067 +                   %let use = %sysfunc(getvarc(&dsid, &usenum));
16068 +                   %if "&use" eq "Y" %then %let measure=PROFIT;
16069 +                   %else %do;
16070 +                      %if "%EM_TARGET_LEVEL" eq "INTERVAL" %then %let measure = ASE;
16071 +                      %else %let measure= MISC;
16072 +                   %end;
16073 +                 %end;
16074 +               %end;
16075 +               %if &dsid %then %let dsid = %sysfunc(close(&dsid));
16076 +            %end;
16077 +            %else %if "&EM_PROPERTY_ASSESSMEASURE" eq "MISC" %then %do;
16078 +              %if "%EM_TARGET_LEVEL" eq "INTERVAL" %then  %do;
16079 +                 %let measure=ASE;
16080 +              %end;
16081 +              %else %do;
16082 +                 %let measure=MISC;
16083 +              %end;
16084 +            %end;
16085 +            %else %if "&EM_PROPERTY_ASSESSMEASURE" eq "ASE" %then %do;
16086 +              %let measure=ASE;
16087 +            %end;
16088 +            %else %if "&EM_PROPERTY_ASSESSMEASURE" eq "LIFT" %then %do;
16089 +               %let measure = LIFT;
16090 +               %let dsid=%sysfunc(open(&EM_DEC_DECMETA(where=(_TYPE_='MATRIX'))));
16091 +               %if &dsid %then %do;
16092 +                 %let usenum = %sysfunc(varnum(&dsid, USE));
16093 +                 %do %while(^ %sysfunc(fetch(&dsid)));
16094 +                   %let use = %sysfunc(getvarc(&dsid, &usenum));
16095 +                   %if "&use" eq "Y" %then %let measure=LIFTPROFIT;
16096 +                 %end;
16097 +               %end;
16098 +               %if &dsid %then %let dsid = %sysfunc(close(&dsid));
16099 +            %end;
16100 +            measure=&measure
16101 +            %if (("&measure" eq "LIFT") AND ("%EM_TARGET_LEVEL" ne "INTERVAL")) %then %do;
16102 +               event = "&targetEvent"
16103 +            %end;
16104 +            %if (("&measure" eq "LIFT") OR ("&measure" eq "LIFTPROFIT")) %then %do;
16105 +              proportion=&EM_PROPERTY_ASSESSPERCENTAGE
16106 +            %end;
16107 +         %end;
16108 +         %if "&multipleTar" eq "N" %then %do;
16109 +            %if "&EM_PROPERTY_CV" eq "Y" %then %do;
16110 +               CV
16111 +               %if "&EM_PROPERTY_CVNIter" ne "" %then %do;
16112 +                 CVNITer = &EM_PROPERTY_CVNITER
16113 +               %end;
16114 +               %if "&EM_PROPERTY_CVREPEAT" ne "" %then %do;
16115 +                 CVRepeat = &EM_PROPERTY_CVREPEAT
16116 +               %end;
16117 +               %if "&EM_PROPERTY_CVSEED" ne "" %then %do;
16118 +                 CVSeed = &EM_PROPERTY_CVSEED
16119 +               %end;
16120 +            %end;
16121 +         %end;
16122 +       %end;
16123 +      ;
16125 +      %if "&intFlag" ne "Y" %then %do;
16126 +        %if "&EM_PROPERTY_SUBTREE" ne "" %then %do;
16127 +          %if "&EM_PROPERTY_SUBTREE" eq "ASSESSMENT" %then %let subtree=BEST;
16128 +          %else %if "&EM_PROPERTY_SUBTREE" eq "N" %then %let subtree=NLEAVES;
16129 +          %else %if "&EM_PROPERTY_SUBTREE" eq "LARGEST" %then %let subtree=LARGEST;
16131 +          SUBTREE &subtree
16132 +          %if "&subtree" eq "NLEAVES" %then %do;
16133 +            =&EM_PROPERTY_NSUBTREE
16134 +          %end;
16135 +          ;
16136 +        %end;
16138 +       %if (("&EM_PROPERTY_OBSIMPORTANCE" eq "Y") AND ("&multipleTar" eq "N")) %then %do;
16139 +          %if "&EM_USER_OUTOBSIMP" ne "" %then %do;
16140 +            importance data=&INDATA outfit=&EM_USER_OUTOBSIMP nvars=&EM_PROPERTY_NUMSINGLEIMP;
16141 +          %end;
16142 +       %end;
16143 +      %end;
16144 + %end;
16147 + MakeMacro nleaves = nleaves;
16148 + save
16149 + %if "&EM_USER_EMTREE" ne "" %then %do;
16150 +   MODEL=&EM_USER_EMTREE
16151 + %end;
16152 + %if "&EM_USER_OUTSEQ" ne "" %then %do;
16153 +   SEQUENCE=&EM_USER_OUTSEQ
16154 + %end;
16155 + %if "&EM_USER_OUTIMPORT" ne "" %then %do;
16156 +   IMPORTANCE=&EM_USER_OUTIMPORT
16157 + %end;
16158 + %if "&EM_USER_OUTNODES" ne "" %then %do;
16159 +   NODESTAT=&EM_USER_OUTNODES
16160 + %end;
16161 + %if "&EM_USER_OUTSUMMARY" ne "" %then %do;
16162 +   SUMMARY=&EM_USER_OUTSUMMARY
16163 + %end;
16164 + %if "&EM_USER_OUTSTATS" ne "" %then %do;
16165 +   STATSBYNODE=&EM_USER_OUTSTATS
16166 + %end;
16167 + %if "&EM_USER_OUTTOPOLOGY" ne "" %then %do;
16168 +   TOPOLOGY=&EM_USER_OUTTOPOLOGY
16169 + %end;
16170 + %if "&EM_USER_OUTPATH" ne "" %then %do;
16171 +   Pathlistnonmissing=&EM_USER_OUTPATH
16172 + %end;
16173 + %if "&EM_USER_OUTRULES" ne "" %then %do;
16174 +   RULES = &EM_USER_OUTRULES
16175 + %end;
16176 + ;
16178 + %if "&intFlag" ne "Y" %then %do;
16180 +   %let lookupString = ;
16181 +   %if ^%symexist(EM_OPTION) %then
16182 +      %let EM_OPTION=;
16184 +   %if %sysfunc(index(%upcase(&EM_DEBUG), I18N)) or %sysfunc(index(%upcase(&EM_OPTION), I18N)) %then %do;
16185 +      %let lookupString = LOOKUP=SELECT;
16186 +   %end;
16188 +   %let codetext=;
16189 +   %let norescodetxt=;
16191 +   %if "&EM_PROPERTY_DUMMY" eq "Y" %then %do;
16192 +     %let codetext=&codetext DUMMY;
16193 +     %let norescodetxt=&norescodetxt DUMMY;
16194 +   %end;
16195 +   %if "&EM_PROPERTY_LEAFID" ne "Y" %then %do;
16196 +     %let codetext=&codetext NOLEAFID;
16197 +     %let norescodetxt=&norescodetxt NOLEAFID;
16198 +   %end;
16199 +   %if "&EM_PROPERTY_PREDICT" ne "Y" %then %do;
16200 +     %let norescodetxt=&norescodetxt NOPRED;
16201 +   %end;
16203 +   code file="&EM_USER_TREEFLOW" res &codetext group=&emloopid &lookupString;
16204 +   code file="&EM_USER_TREEPUBLISH" nores &norescodetxt group=&emloopid &lookupString;
16206 +   %if &nnpmml %then %do;
16207 +     code pmml;
16208 +   %end;
16210 +   score data=&INDATA out=_NULL_ outfit=work.fit_train role=TRAIN;
16211 +   %if "&EM_IMPORT_VALIDATE" ne "" %then %do;
16212 +     score data=&EM_IMPORT_VALIDATE out=_NULL_ outfit=work.fit_valid role=VALID;
16213 +   %end;
16214 +   %if "&EM_IMPORT_TEST" ne "" %then %do;
16215 +     score data=&EM_IMPORT_TEST out=_NULL_ outfit=work.fit_test role=TEST;
16216 +   %end;
16217 + %end;
16219 + run;
16220 + quit;
16222 + /*%em_checkerror(); */
16223 +  %if %sysfunc(cexist(work._treeDMDB)) %then %do;
16224 +   /* Delete DMDB catalog */
16225 +   proc datasets lib=work nolist;
16226 +       delete _treeDMDB / mt=cat;
16227 +  run;
16228 +  %end;
16230 + %if &nnpmml %then %do;
16231 +    ods pmml close;
16232 + %end;
16234 +  %doendm:
16236 +%mend em_tree_runTreeProcedure;
16238 +%macro em_tree_createFitStats( multipleTar= );
16241 +  /* create targetTable is multipleTar eq Y */
16242 +  data temptarget;
16243 +    set &EM_DATA_VARIABLESET;
16244 +    where ROLE="TARGET";
16245 +  run;
16247 +  %EM_GETNAME(key=EMOUTFIT, type=DATA);
16248 +   data &EM_USER_EMOUTFIT;
16249 +     length target $32;
16250 +     merge work.fit_train
16251 +     %if "&EM_IMPORT_VALIDATE" ne "" %then %do;
16252 +       work.fit_valid
16253 +     %end;
16254 +     %if "&EM_IMPORT_TEST" ne "" %then %do;
16255 +       work.fit_test
16256 +     %end;
16257 +     ;
16258 +     %if "&multipleTar" eq "N" %then %do;
16259 +       target="%EM_TARGET";
16260 +     %end;
16261 +     %else %do;
16262 +       target = _TARGET_;
16263 +     %end;
16264 +     drop _NW_ _SUMW_
16265 +     %if "&EM_IMPORT_VALIDATE" ne "" %then %do;
16266 +        _VSUMW_
16267 +     %end;
16268 +     ;
16269 +   run;
16271 +   %if "&EM_IMPORT_VALIDATE" ne "" %then %do;
16272 +     proc datasets library=work nolist;
16273 +       delete fit_valid;
16274 +     run;
16275 +   %end;
16276 +   %if "&EM_IMPORT_TEST" ne "" %then %do;
16277 +     proc datasets library=work nolist;
16278 +       delete fit_test;
16279 +     run;
16280 +   %end;
16282 +%mend em_tree_createFitStats;
16285 +%macro em_tree_makeEnglishRules;
16287 +  %EM_GETNAME(key=OUTNODES, type=DATA);
16288 +  %EM_GETNAME(key=OUTPATH, type=DATA);
16290 +  /* verify that necessary tables exist and if not, skip processing */
16291 +  %if %sysfunc(exist(&EM_USER_OUTNODES)) ne 1 %then %do;
16292 +    %let EMEXCEPTIONSTRING = exception.server.EMTOOL.GENERICRUNTIMEEXCEPTION;
16293 +    %goto doendm;
16294 +  %end;
16295 +  %if %sysfunc(exist(&EM_USER_OUTPATH)) ne 1 %then %do;
16296 +    %let EMEXCEPTIONSTRING = exception.server.EMTOOL.GENERICRUNTIMEEXCEPTION;
16297 +    %goto doendm;
16298 +  %end;
16300 +  /* determine length of variable in outpath dataset */
16301 +  %let vlength= ;
16302 +  %let dsid = %sysfunc(open(&EM_USER_OUTPATH));
16303 +  %if &dsid ne %then %do;
16304 +    %let varnum = %sysfunc(varnum(&dsid, VARIABLE));
16305 +    %let vlength = %sysfunc(VARLEN(&dsid, &varnum));
16306 +  %end;
16307 +  %if &dsid ne %then %let dsid = %sysfunc(close(&dsid));
16309 +  data tempoutpath;
16310 +    length varname $&vlength;
16311 +    retain varname;
16312 +    set &EM_USER_OUTPATH;
16314 +    if ^missing(variable) then varname=variable;
16315 +    else if ^missing(var_name) then varname=var_name;
16316 +    output;
16317 +  run;
16319 +  /* create an array of generated predicted variable names */
16320 +  %let tree_pred_vars = ;
16321 +  %let tree_pred_label = ;
16322 +  %let numpred= 0;
16323 +  %if %sysfunc(exist(&EM_DEC_DECMETA)) %then %do;
16325 +    data _null_;
16326 +     set &EM_DEC_DECMETA(where=(_TYPE_="PREDICTED")) end=eof;
16327 +     call symput('tree_pred_vars'!!strip(put(_N_, BEST.)), strip(VARIABLE));
16328 +     call symput('tree_pred_label'!!strip(put(_N_, BEST.)), strip(tranwrd(LABEL,'"','""')));
16329 +     if eof then
16330 +       call symput('numpred', strip(put(_N_, BEST.)));
16331 +    run;
16332 +  %end;
16334 +  /* determine if NPRIORS exists in outnodes  */
16335 +  %local nprior_flag;
16336 +  data _null_;
16337 +    set &EM_USER_OUTNODES(obs=2) end=eof;
16338 +    if eof then do;
16339 +      call symput('nprior_flag', strip(put(npriors, best.)));
16340 +    end;
16341 +  run;
16343 +  proc sort data=tempoutpath; by node; run;
16344 +  proc sort data=&EM_USER_OUTNODES out=outnodes; by node; run;
16346 +  data tempoutpath;
16347 +    merge tempoutpath(in=_a) outnodes(keep= node
16348 +    %if "&nprior_flag" ne "." %then %do;
16349 +      NPRIORS
16350 +    %end;
16351 +    %else %do;
16352 +      N
16353 +    %end;
16354 +    %if &numpred gt 0 %then %do;
16355 +      %do i=1 %to &numpred;
16356 +        &&tree_pred_vars&i
16357 +      %end;
16358 +    %end;
16359 +    );
16360 +    by node;
16361 +    if _a;
16362 +  run;
16364 +  proc sort data=tempoutpath; by node descending varname descending numeric_value; run;
16366 +  data _null_;
16367 +    file x;
16368 +    set tempoutpath;
16369 +    by node descending varname;
16370 +    retain origvar oldnode string;
16371 +    length origvar $32 oldnode 8 string $200;
16373 +    if _N_ = 1 then do;
16374 +      origvar = varname;
16375 +      oldnode = node;
16376 +    end;
16378 +    if first.node then do;
16379 +       put "&EM_CODEBAR";
16380 +       put " Node = " node;
16381 +       put "&EM_CODEBAR";
16382 +    end;
16384 +      if first.varname then do;
16385 +         if RELATION ^in ("=", "ISMISSING", "ISNOTMISSING") then do;
16386 +            if MISSING(CHARACTER_VALUE) then do;
16387 +             if NUMERIC_VALUE ne .  then do;
16388 +              if ^first.node then do;
16389 +                string= "AND "|| strip(varname)||" "||strip(relation)||" "||strip(numeric_value);
16390 +              end;
16391 +              else do;
16392 +                string= "if "|| strip(varname)||" "||strip(relation)||" "||strip(numeric_value);
16393 +              end;
16394 +             end;
16395 +            end;
16396 +            else do;
16397 +              if ^first.node then do;
16398 +                string= "AND "|| strip(varname)||" "||strip(relation)||" "||strip(character_value);
16399 +              end;
16400 +              else do;
16401 +                string= "if "|| strip(varname)||" "||strip(relation)||" "||strip(character_value);
16402 +              end;
16403 +             end;
16404 +         end;
16405 +         else if RELATION in ("=") then do;
16406 +            if ^first.node then do;
16407 +              string = "AND "||strip(varname) ||" IS ONE OF: "||character_value;
16408 +            end;
16409 +            else do;
16410 +              string = "if "|| strip(varname) ||" IS ONE OF: "||character_value;
16411 +            end;
16412 +         end;
16413 +         else if RELATION in ("ISMISSING") then do;
16414 +            if ^first.node then do;
16415 +              string = " AND "|| strip(varname) || " equals Missing";
16416 +            end;
16417 +            else do;
16418 +              string = "if "|| strip(varname) ||" equals Missing";
16419 +            end;
16420 +         end;
16421 +         else if RELATION in ("ISNOTMISSING") then do;
16422 +            if ^first.node then do;
16423 +              string = " AND "|| strip(varname) || " equals All Values";
16424 +            end;
16425 +            else do;
16426 +              string = "if "|| strip(varname) ||" equals All Values";
16427 +            end;
16428 +         end;
16429 +         if ^missing(varname) then origvar = varname;
16430 +         oldnode=node;
16432 +      end;
16433 +      else do;
16434 +         if RELATION ^in ("=", "ISMISSING", "ISNOTMISSING") then do;
16435 +          if MISSING(CHARACTER_VALUE) then do;
16436 +           if  NUMERIC_VALUE ne .  then do;
16437 +            if ^MISSING(string) then
16438 +              string= strip(string)||" AND "|| strip(varname)||" "||strip(relation)||" "||strip(numeric_value);
16439 +            else
16440 +              string= " if "|| strip(varname)||" "||strip(relation)||" "||strip(numeric_value);
16441 +           end;
16442 +          end;
16443 +          else do;
16444 +            if ^MISSING(string) then
16445 +              string= strip(string)||" AND "|| strip(varname)||" "||strip(relation)||" "||strip(character_value);
16446 +            else
16447 +              string= " if "|| strip(varname)||" "||strip(relation)||" "||strip(character_value);
16448 +          end;
16450 +         end;
16451 +         else if RELATION in ("=") then do;
16452 +           string = strip(string)||", "||strip(character_value);
16453 +         end;
16454 +         else if RELATION in ("ISMISSING") then do;
16456 +         end;
16457 +         if ^missing(varname) then origvar = varname;
16458 +         oldnode=node;
16459 +      end;
16460 +      if last.varname then do;
16461 +         if RELATION in ("ISMISSING") then do;
16462 +           if ^first.varname then do;
16463 +             string = strip(string) || " or MISSING";
16464 +           end;
16465 +         end;
16466 +         put string;
16467 +         if ^missing(varname) then origvar = varname;
16468 +         oldnode=node;
16469 +      end;
16471 +      if last.node then do;
16472 +         put "then ";
16473 +         put " Tree Node Identifier   = " node;
16475 +         %if "&nprior_flag" ne "." %then %do;
16476 +           put " Number of Observations = " NPRIORS;
16477 +         %end;
16478 +         %else %do;
16479 +           put " Number of Observations = " N;
16480 +         %end;
16482 +         %if &numpred gt 0 %then %do;
16483 +           %do i=1 %to &numpred;
16484 +             put " &&tree_pred_label&i = " &&tree_pred_vars&i;
16485 +           %end;
16486 +         %end;
16488 +         put " ";
16489 +         if ^missing(varname) then origvar = varname;
16490 +         oldnode=node;
16491 +      end;
16493 +  run;
16495 +  proc datasets lib=work nolist;
16496 +    delete tempoutpath outnodes;
16497 +  run;
16499 +  %doendm:
16500 +%mend em_tree_makeEnglishRules;
NOTE: %INCLUDE (level 1) ending.
NOTE: Fileref TEMP has been deassigned.

NOTE: The data set WORK.EM_USER_KEY has 1 observations and 8 variables.
NOTE: DATA statement used (Total process time):
      real time           0.01 seconds
      cpu time            0.01 seconds
      


NOTE: DATA STEP view saved on file EMWS1.EM_TREE.
NOTE: A stored DATA STEP view cannot run under a different operating system.
NOTE: View EMWS1.VARCLUS_TRAIN.VIEW used (Total process time):
      real time           0.03 seconds
      cpu time            0.01 seconds
      
NOTE: DATA statement used (Total process time):
      real time           0.04 seconds
      cpu time            0.01 seconds
      

NOTE: There were 5383 observations read from the data set EMWS1.PART_TRAIN.
NOTE: View EMWS1.EM_TREE.VIEW used (Total process time):
      real time           0.06 seconds
      cpu time            0.06 seconds
      
NOTE: There were 5383 observations read from the data set EMWS1.VARCLUS_TRAIN.
NOTE: PROCEDURE SQL used (Total process time):
      real time           0.07 seconds
      cpu time            0.07 seconds
      


NOTE: There were 1 observations read from the data set EMWS1.TREE_CHURNED_DM.
      WHERE _TYPE_='TARGET';
NOTE: DATA statement used (Total process time):
      real time           0.00 seconds
      cpu time            0.00 seconds
      


NOTE: There were 1 observations read from the data set EMWS1.TREE_VARIABLESET.
      WHERE (ROLE='TARGET') and (LEVEL not = 'ORDINAL');
NOTE: The data set WORK.TEMPTARGET has 1 observations and 21 variables.
NOTE: DATA statement used (Total process time):
      real time           0.00 seconds
      cpu time            0.00 seconds
      


NOTE: There were 1 observations read from the data set EMWS1.TREE_VARIABLESET.
      WHERE (ROLE='TARGET') and LEVEL in ('BINARY', 'NOMINAL', 'ORDINAL') and (USE='Y');
NOTE: DATA statement used (Total process time):
      real time           0.00 seconds
      cpu time            0.00 seconds
      


NOTE: Records processed = 5383   Memory used = 511K.
NOTE: There were 5383 observations read from the data set EMWS1.PART_TRAIN.
NOTE: View EMWS1.EM_TREE.VIEW used (Total process time):
      real time           0.07 seconds
      cpu time            0.06 seconds
      
NOTE: There were 5383 observations read from the data set EMWS1.VARCLUS_TRAIN.
NOTE: There were 5383 observations read from the data set EMWS1.EM_TREE.
NOTE: The data set WORK.CLASSOUT has 2 observations and 9 variables.
NOTE: PROCEDURE DMDB used (Total process time):
      real time           0.09 seconds
      cpu time            0.06 seconds
      


NOTE: Deleting WORK.CLASSOUT (memtype=DATA).
NOTE: Deleting WORK.VAROUT (memtype=DATA).

NOTE: PROCEDURE DATASETS used (Total process time):
      real time           0.00 seconds
      cpu time            0.00 seconds
      

NOTE: View EMWS1.VARCLUS_VALIDATE.VIEW used (Total process time):
      real time           0.18 seconds
      cpu time            0.17 seconds
      
NOTE: 1491816 kilobytes of physical memory.
NOTE: Will use 5383 out of 5383 training cases.
NOTE: Using memory pool with 103019520 bytes.
NOTE: Passed training data 12 times.
NOTE: Training used 1127600 bytes of work memory.
NOTE: There were 2308 observations read from the data set EMWS1.PART_VALIDATE.
NOTE: The subtree sequence contains 22 subtrees. The largest has 43 nodes and 22 leaves.
NOTE: Using subtree with 35 nodes and 18 leaves.
NOTE: Using subtree with 35 nodes and 18 leaves.
NOTE: Created macro variable NLEAVES equal to 18.
NOTE: The data set EMWS1.TREE_OUTIMPORT has 7 observations and 6 variables.
NOTE: The data set EMWS1.TREE_EMTREE has 1142 observations and 4 variables.
NOTE: The data set EMWS1.TREE_OUTNODES has 35 observations and 24 variables.
NOTE: The data set EMWS1.TREE_OUTPATH has 134 observations and 7 variables.
NOTE: The data set EMWS1.TREE_OUTRULES has 308 observations and 6 variables.
NOTE: The data set EMWS1.TREE_OUTSEQ has 22 observations and 20 variables.
NOTE: The data set EMWS1.TREE_OUTSTATS has 245 observations and 5 variables.
NOTE: The data set EMWS1.TREE_OUTSUMMARY has 24 observations and 6 variables.
NOTE: The data set EMWS1.TREE_OUTTOPOLOGY has 35 observations and 5 variables.
NOTE: External file C:\Users\20161277\Documents\CA Assignment 3\Workspaces\EMWS1\Tree\TREEFLOW.sas opened.
NOTE: External file C:\Users\20161277\Documents\CA Assignment 3\Workspaces\EMWS1\Tree\TREEPUBLISH.sas opened.
NOTE: View EMWS1.EM_TREE.VIEW used (Total process time):
      real time           0.07 seconds
      cpu time            0.07 seconds
      
NOTE: The data set WORK.FIT_TRAIN has 1 observations and 10 variables.
NOTE: There were 5383 observations read from the data set EMWS1.PART_TRAIN.
NOTE: There were 5383 observations read from the data set EMWS1.VARCLUS_TRAIN.
NOTE: View EMWS1.VARCLUS_VALIDATE.VIEW used (Total process time):
      real time           0.03 seconds
      cpu time            0.04 seconds
      
NOTE: The data set WORK.FIT_VALID has 1 observations and 8 variables.
NOTE: There were 2308 observations read from the data set EMWS1.PART_VALIDATE.
NOTE: View EMWS1.VARCLUS_TEST.VIEW used (Total process time):
      real time           0.03 seconds
      cpu time            0.03 seconds
      
NOTE: The data set WORK.FIT_TEST has 1 observations and 8 variables.
NOTE: There were 2309 observations read from the data set EMWS1.PART_TEST.


NOTE: There were 5383 observations read from the data set EMWS1.PART_TRAIN.
NOTE: View EMWS1.EM_TREE.VIEW used (Total process time):
      real time           0.52 seconds
      cpu time            0.45 seconds
      
NOTE: There were 5383 observations read from the data set EMWS1.VARCLUS_TRAIN.
NOTE: There were 5383 observations read from the data set EMWS1.EM_TREE.
NOTE: The data set WORK._NAMEDAT has 2 observations and 5 variables.
NOTE: PROCEDURE ARBOR used (Total process time):
      real time           0.54 seconds
      cpu time            0.46 seconds
      


NOTE: Deleting WORK._TREEDMDB (memtype=CATALOG).

NOTE: PROCEDURE DATASETS used (Total process time):
      real time           0.00 seconds
      cpu time            0.00 seconds
      


NOTE: There were 1 observations read from the data set EMWS1.TREE_VARIABLESET.
      WHERE ROLE='TARGET';
NOTE: The data set WORK.TEMPTARGET has 1 observations and 21 variables.
NOTE: DATA statement used (Total process time):
      real time           0.00 seconds
      cpu time            0.01 seconds
      


NOTE: There were 1 observations read from the data set WORK.FIT_TRAIN.
NOTE: There were 1 observations read from the data set WORK.FIT_VALID.
NOTE: There were 1 observations read from the data set WORK.FIT_TEST.
NOTE: The data set EMWS1.TREE_EMOUTFIT has 1 observations and 24 variables.
NOTE: DATA statement used (Total process time):
      real time           0.01 seconds
      cpu time            0.01 seconds
      


NOTE: Deleting WORK.FIT_VALID (memtype=DATA).

NOTE: PROCEDURE DATASETS used (Total process time):
      real time           0.00 seconds
      cpu time            0.00 seconds
      


NOTE: Deleting WORK.FIT_TEST (memtype=DATA).

NOTE: PROCEDURE DATASETS used (Total process time):
      real time           0.00 seconds
      cpu time            0.01 seconds
      


NOTE: There were 134 observations read from the data set EMWS1.TREE_OUTPATH.
NOTE: The data set WORK.TEMPOUTPATH has 134 observations and 8 variables.
NOTE: DATA statement used (Total process time):
      real time           0.00 seconds
      cpu time            0.01 seconds
      


NOTE: There were 2 observations read from the data set EMWS1.TREE_CHURNED_DM.
      WHERE _TYPE_='PREDICTED';
NOTE: DATA statement used (Total process time):
      real time           0.00 seconds
      cpu time            0.00 seconds
      


NOTE: There were 2 observations read from the data set EMWS1.TREE_OUTNODES.
NOTE: DATA statement used (Total process time):
      real time           0.00 seconds
      cpu time            0.00 seconds
      


NOTE: There were 134 observations read from the data set WORK.TEMPOUTPATH.
NOTE: The data set WORK.TEMPOUTPATH has 134 observations and 8 variables.
NOTE: PROCEDURE SORT used (Total process time):
      real time           0.00 seconds
      cpu time            0.01 seconds
      


NOTE: There were 35 observations read from the data set EMWS1.TREE_OUTNODES.
NOTE: The data set WORK.OUTNODES has 35 observations and 24 variables.
NOTE: PROCEDURE SORT used (Total process time):
      real time           0.00 seconds
      cpu time            0.01 seconds
      


NOTE: There were 134 observations read from the data set WORK.TEMPOUTPATH.
NOTE: There were 35 observations read from the data set WORK.OUTNODES.
NOTE: The data set WORK.TEMPOUTPATH has 134 observations and 11 variables.
NOTE: DATA statement used (Total process time):
      real time           0.00 seconds
      cpu time            0.01 seconds
      


NOTE: There were 134 observations read from the data set WORK.TEMPOUTPATH.
NOTE: The data set WORK.TEMPOUTPATH has 134 observations and 11 variables.
NOTE: PROCEDURE SORT used (Total process time):
      real time           0.00 seconds
      cpu time            0.01 seconds
      


NOTE: Numeric values have been converted to character values at the places given by: (Line):(Column).
      218:176   228:190   374:191   381:195   
NOTE: The file X is:
      Filename=C:\Users\20161277\Documents\CA Assignment 3\Workspaces\EMWS1\Tree\ENGLISHRULES.txt,
      RECFM=V,LRECL=131068,File Size (bytes)=0,
      Last Modified=23Oct2020:19:47:08,
      Create Time=22Oct2020:12:47:31

NOTE: 216 records were written to the file X.
      The minimum record length was 1.
      The maximum record length was 62.
NOTE: There were 134 observations read from the data set WORK.TEMPOUTPATH.
NOTE: DATA statement used (Total process time):
      real time           0.00 seconds
      cpu time            0.01 seconds
      


NOTE: Deleting WORK.TEMPOUTPATH (memtype=DATA).
NOTE: Deleting WORK.OUTNODES (memtype=DATA).

NOTE: PROCEDURE DATASETS used (Total process time):
      real time           0.00 seconds
      cpu time            0.00 seconds
      


NOTE: The data set WORK.EM_USER_REPORT has 132 observations and 4 variables.
NOTE: DATA statement used (Total process time):
      real time           0.03 seconds
      cpu time            0.03 seconds
      

NOTE: Fileref X has been deassigned.
16502  
16503  *------------------------------------------------------------*;
16504  * End TRAIN: Tree;
16505  *------------------------------------------------------------*;

16506  *------------------------------------------------------------*;
16507  * Close any missing semi colons;
16508  *------------------------------------------------------------*;
16509  ;
16510  ;
16511  ;
16512  ;
16513  quit;
16514  *------------------------------------------------------------*;
16515  * Close any unbalanced quotes;
16516  *------------------------------------------------------------*;
16517  /*; *"; *'; */
16518  ;
16519  run;
16520  quit;
16521  /* Reset EM Options */
16522  options formchar="|----|+|---+=|-/\<>*";
16523  options nocenter ls=256 ps=10000;
16524  goptions reset=all device=GIF NODISPLAY;

16525  proc sort data=WORK.EM_USER_REPORT;
16526  by ID VIEW;
16527  run;

NOTE: There were 132 observations read from the data set WORK.EM_USER_REPORT.
NOTE: The data set WORK.EM_USER_REPORT has 132 observations and 4 variables.
NOTE: PROCEDURE SORT used (Total process time):
      real time           0.00 seconds
      cpu time            0.00 seconds
      

