*------------------------------------------------------------*
* Score Log
Date:                October 24, 2020
Time:                18:48:26
*------------------------------------------------------------*
11446  proc sort data=EMWS1.Filter2_INTERVAL;
11447  by name;
11448  run;

NOTE: Input data set is already sorted, no sorting done.
NOTE: PROCEDURE SORT used (Total process time):
      real time           0.00 seconds
      cpu time            0.00 seconds
      

11449  proc print data=EMWS1.Filter2_INTERVAL(obs=500) noobs label;
11450  where (INTERVALMIN ne . or INTERVALMAX ne . or KEEPMISSING='N');
11451  title9 "%sysfunc(sasmsg(sashelp.dmine, rpt_filterintervallimits_title,    NOQUOTE))";
11452  title10 "%sysfunc(sasmsg(sashelp.dmine, rpt_maxObsPrinted_title, NOQUOTE))";
11453  run;

NOTE: No observations in data set EMWS1.FILTER2_INTERVAL.
NOTE: PROCEDURE PRINT used (Total process time):
      real time           0.00 seconds
      cpu time            0.00 seconds
      

11454  title9;
11455  title10;

11456  proc sort data=EMWS1.Filter2_CLASS;
11457  by NAME VALUE;
11458  run;

NOTE: There were 1 observations read from the data set EMWS1.FILTER2_CLASS.
NOTE: The data set EMWS1.FILTER2_CLASS has 1 observations and 7 variables.
NOTE: PROCEDURE SORT used (Total process time):
      real time           0.00 seconds
      cpu time            0.01 seconds
      

11459  proc datasets library=EMWS1 nolist;
11460  modify Filter2_CLASS;
11461  label NAME = "%sysfunc(sasmsg(sashelp.dmine, rpt_variable_vlabel,      NOQUOTE))" ROLE = "%sysfunc(sasmsg(sashelp.dmine, meta_role_vlabel,         NOQUOTE))" VALUE = "%sysfunc(sasmsg(sashelp.dmine, rpt_level_vlabel,        NOQUOTE))" LABEL =
11462     "%sysfunc(sasmsg(sashelp.dmine, meta_label_vlabel,        NOQUOTE))" COUNT = "%sysfunc(sasmsg(sashelp.dmine, rpt_traincount_vlabel,    NOQUOTE))" PERCENT = "%sysfunc(sasmsg(sashelp.dmine, rpt_trainpercent_vlabel,  NOQUOTE))";
11463  run;

NOTE: MODIFY was successful for EMWS1.FILTER2_CLASS.DATA.

NOTE: PROCEDURE DATASETS used (Total process time):
      real time           0.01 seconds
      cpu time            0.01 seconds
      

11464  proc print data=EMWS1.Filter2_CLASS(obs=500) noobs label;
11465  title9 "%sysfunc(sasmsg(sashelp.dmine, rpt_filterexcludeclass_title,    NOQUOTE))";
11466  title10 "%sysfunc(sasmsg(sashelp.dmine, rpt_maxObsPrinted_title, NOQUOTE))";
11467  run;

NOTE: There were 1 observations read from the data set EMWS1.FILTER2_CLASS.
NOTE: The PROCEDURE PRINT printed page 2.
NOTE: PROCEDURE PRINT used (Total process time):
      real time           0.00 seconds
      cpu time            0.00 seconds
      

11468  title9;
11469  title10;

11470  data WORK.DATA_FILTERED / view=WORK.DATA_FILTERED;
11471  set EMWS1.FIMPORT_train;
11472  
11473  
11474  length _FILTERFMT1  $200;
11475  drop _FILTERFMT1 ;
11476  _FILTERFMT1= put(Churned,$3.);
11477  if
11478  _FILTERFMT1 not in ( 'Yes')
11479  then do;
11480  if M_FILTER eq . then M_FILTER = 0;
11481  else M_FILTER = M_FILTER + 0;
11482  end;
11483  else M_FILTER = 1;
11484  label M_FILTER = 'Filtered Indicator';
11485  if M_FILTER = 0;
11486  run;

NOTE: DATA STEP view saved on file WORK.DATA_FILTERED.
NOTE: A stored DATA STEP view cannot run under a different operating system.
NOTE: View EMWS1.FIMPORT_TRAIN.VIEW used (Total process time):
      real time           0.02 seconds
      cpu time            0.03 seconds
      
NOTE: DATA statement used (Total process time):
      real time           0.03 seconds
      cpu time            0.03 seconds
      

11487  data WORK.DATA_EXCLUDED / view=WORK.DATA_EXCLUDED;
11488  set EMWS1.FIMPORT_train;
11489  
11490  
11491  length _FILTERFMT1  $200;
11492  drop _FILTERFMT1 ;
11493  _FILTERFMT1= put(Churned,$3.);
11494  if
11495  _FILTERFMT1 not in ( 'Yes')
11496  then do;
11497  if M_FILTER eq . then M_FILTER = 0;
11498  else M_FILTER = M_FILTER + 0;
11499  end;
11500  else M_FILTER = 1;
11501  label M_FILTER = 'Filtered Indicator';
11502  if M_FILTER = 1;
11503  run;

NOTE: DATA STEP view saved on file WORK.DATA_EXCLUDED.
NOTE: A stored DATA STEP view cannot run under a different operating system.
NOTE: View EMWS1.FIMPORT_TRAIN.VIEW used (Total process time):
      real time           0.02 seconds
      cpu time            0.03 seconds
      
NOTE: DATA statement used (Total process time):
      real time           0.03 seconds
      cpu time            0.03 seconds
      

NOTE: View EMWS1.FIMPORT_TRAIN.VIEW used (Total process time):
      real time           0.02 seconds
      cpu time            0.03 seconds
      
NOTE: There were 10000 observations read from the data set EMWS1.FIMPORT_DATA.
NOTE: There were 10000 observations read from the data set EMWS1.FIMPORT_DATA.
NOTE: View WORK.DATA_FILTERED.VIEW used (Total process time):
      real time           0.05 seconds
      cpu time            0.04 seconds
      
NOTE: There were 10000 observations read from the data set EMWS1.FIMPORT_TRAIN.
11504  data WORK.Filter2COUNT;
11505  length DATAROLE $16;
11506  label DATAROLE = "%sysfunc(sasmsg(sashelp.dmine, rpt_datarole_vlabel, NOQUOTE))" FILTERED = "%sysfunc(sasmsg(sashelp.dmine, rpt_filtered_vlabel, NOQUOTE))" EXCLUDED = "%sysfunc(sasmsg(sashelp.dmine, rpt_excluded_vlabel, NOQUOTE))";
11507  DATAROLE = 'TRAIN';
11508  DATA = 10000;
11509  FILTERED = 7963;
11510  EXCLUDED = 2037;
11511  output;
11512  run;

NOTE: The data set WORK.FILTER2COUNT has 1 observations and 4 variables.
NOTE: DATA statement used (Total process time):
      real time           0.00 seconds
      cpu time            0.00 seconds
      

11513  proc print data=WORK.Filter2COUNT noobs label;
11514  title9 ' ';
11515  title10 "%sysfunc(sasmsg(sashelp.dmine, rpt_numberobs_title, NOQUOTE))";
11516  run;

NOTE: There were 1 observations read from the data set WORK.FILTER2COUNT.
NOTE: The PROCEDURE PRINT printed page 3.
NOTE: PROCEDURE PRINT used (Total process time):
      real time           0.00 seconds
      cpu time            0.00 seconds
      

11517  title9;
11518  title10;

11519  *------------------------------------------------------------*;
11520  * createstattable;
11521  *------------------------------------------------------------*;
11522  *------------------------------------------------------------* ;
11523  * Filter2: DMDBClass Macro ;
11524  *------------------------------------------------------------* ;
11525  %macro DMDBClass;
11526      Churned(DESC)
11527  %mend DMDBClass;
11528  *------------------------------------------------------------* ;
11529  * Filter2: DMDBVar Macro ;
11530  *------------------------------------------------------------* ;
11531  %macro DMDBVar;
11532  
11533  %mend DMDBVar;
11534  *------------------------------------------------------------*;
11535  * Filter2: Create DMDB;
11536  *------------------------------------------------------------*;
11537  proc dmdb batch data=WORK.DATA_FILTERED
11538  dmdbcat=WORK.Filter2_DMDB
11539  maxlevel = 513
11540  ;
11541  class %DMDBClass;
11542  target
11543  Churned
11544  ;
11545  run;

NOTE: Records processed = 7963   Memory used = 511K.
NOTE: There were 10000 observations read from the data set EMWS1.FIMPORT_DATA.
NOTE: View WORK.DATA_FILTERED.VIEW used (Total process time):
      real time           0.06 seconds
      cpu time            0.06 seconds
      
NOTE: There were 10000 observations read from the data set EMWS1.FIMPORT_TRAIN.
NOTE: There were 7963 observations read from the data set WORK.DATA_FILTERED.
NOTE: PROCEDURE DMDB used (Total process time):
      real time           0.07 seconds
      cpu time            0.06 seconds
      

11546  quit;
11547  *--- end code ---*;

11548  *------------------------------------------------------------*;
11549  * createhistogramtable;
11550  *------------------------------------------------------------*;
11551  data WORK.Filter2DMDBC;
11552  set WORK.Filter2DMDBC(where=(report='Y'));
11553  run;

NOTE: There were 0 observations read from the data set WORK.FILTER2DMDBC.
      WHERE report='Y';
NOTE: The data set WORK.FILTER2DMDBC has 0 observations and 26 variables.
NOTE: DATA statement used (Total process time):
      real time           0.00 seconds
      cpu time            0.01 seconds
      

11554  filename vdist catalog 'SASHELP.EMUTIL.EM_VARDIST.SOURCE';
11555  %inc vdist;
11951  filename vdist;
NOTE: Fileref VDIST has been deassigned.
11952  %let em_nodeid = Filter2;
11953  %var_profile(DATA=EMWS1.FIMPORT_train, OUTPUT=WORK._HISTDATA, METADATA=WORK.Filter2DMDBC, COMPUTESTAT=N, BINDATA=_bindata, STAT=_STAT, FREQ=, BIN=Y, NUMBARS= 16);
*------------------------------------------------------------*
* Filter2: Computing Summary Statistics
*------------------------------------------------------------*

NOTE: There were 0 observations read from the data set WORK.FILTER2DMDBC.
      WHERE (LEVEL='INTERVAL') and (ROLE not = 'FREQ');
NOTE: The data set WORK._NULL has 0 observations and 26 variables.
NOTE: DATA statement used (Total process time):
      real time           0.00 seconds
      cpu time            0.01 seconds
      


NOTE: The file _MAC is:
      Catalog Name=WORK.MACROS.VARIABLES.SOURCE,
      Catalog Page Size=4096,
      Number of Catalog Pages=4,
      Created=Sat, Oct 24, 2020 06:48:27 PM,
      Last Modified=Sat, Oct 24, 2020 06:48:27 PM,
      Filename=C:\Users\20161277\AppData\Local\Temp\27\SAS Temporary Files\_TD54040_BA-TEACHING_\macros.sas7bcat,
      Release Created=9.0401M3,
      Host Created=X64_DS08R2

NOTE: 2 records were written to the file _MAC.
      The minimum record length was 12.
      The maximum record length was 13.
NOTE: DATA statement used (Total process time):
      real time           0.01 seconds
      cpu time            0.00 seconds
      

NOTE: Fileref _MAC has been deassigned.

11956  %var_profile(DATA=WORK.DATA_FILTERED, OUTPUT=WORK._HISTDATA, METADATA=WORK.Filter2DMDBC, COMPUTESTAT=N, STAT=_STAT, BIN=Y, BINDATA=_bindata, NUMBARS= 16);
*------------------------------------------------------------*
* Filter2: Computing Summary Statistics
*------------------------------------------------------------*

NOTE: There were 0 observations read from the data set WORK.FILTER2DMDBC.
      WHERE (LEVEL='INTERVAL') and (ROLE not = 'FREQ');
NOTE: The data set WORK._NULL has 0 observations and 26 variables.
NOTE: DATA statement used (Total process time):
      real time           0.00 seconds
      cpu time            0.01 seconds
      


NOTE: The file _MAC is:
      Catalog Name=WORK.MACROS.VARIABLES.SOURCE,
      Catalog Page Size=4096,
      Number of Catalog Pages=5,
      Created=Sat, Oct 24, 2020 06:48:27 PM,
      Last Modified=Sat, Oct 24, 2020 06:48:27 PM,
      Filename=C:\Users\20161277\AppData\Local\Temp\27\SAS Temporary Files\_TD54040_BA-TEACHING_\macros.sas7bcat,
      Release Created=9.0401M3,
      Host Created=X64_DS08R2

NOTE: 2 records were written to the file _MAC.
      The minimum record length was 12.
      The maximum record length was 13.
NOTE: DATA statement used (Total process time):
      real time           0.00 seconds
      cpu time            0.00 seconds
      

NOTE: Fileref _MAC has been deassigned.

11959  *------------------------------------------------------------*;
11960  * Filter2: Creating Bar Chart Table;
11961  *------------------------------------------------------------*;
11962  filename cdist catalog 'SASHELP.EMUTIL.EM_CLASSDIST.SOURCE';
11963  %inc cdist;
12077  filename cdist;
NOTE: Fileref CDIST has been deassigned.
12078  %let em_nodeid = Filter2;
12079  %class_profile(DATA=EMWS1.FIMPORT_train, OUTPUT=WORK._BARDATA, METADATA=WORK.Filter2DMDBC, STAT=_STAT);

NOTE: There were 0 observations read from the data set WORK.FILTER2DMDBC.
      WHERE (LEVEL not = 'INTERVAL') and (ROLE not = 'FREQ');
NOTE: The data set WORK._NULL has 0 observations and 26 variables.
NOTE: DATA statement used (Total process time):
      real time           0.00 seconds
      cpu time            0.00 seconds
      


NOTE: The file _MAC is:
      Catalog Name=WORK.MACROS.VARIABLES.SOURCE,
      Catalog Page Size=4096,
      Number of Catalog Pages=5,
      Created=Sat, Oct 24, 2020 06:48:27 PM,
      Last Modified=Sat, Oct 24, 2020 06:48:27 PM,
      Filename=C:\Users\20161277\AppData\Local\Temp\27\SAS Temporary Files\_TD54040_BA-TEACHING_\macros.sas7bcat,
      Release Created=9.0401M3,
      Host Created=X64_DS08R2

NOTE: 2 records were written to the file _MAC.
      The minimum record length was 12.
      The maximum record length was 13.
NOTE: DATA statement used (Total process time):
      real time           0.00 seconds
      cpu time            0.00 seconds
      

NOTE: Fileref _MAC has been deassigned.

12082  %class_profile(DATA=WORK.DATA_FILTERED, OUTPUT=WORK._BARDATA, METADATA=WORK.Filter2DMDBC, STAT=_STAT);

NOTE: There were 0 observations read from the data set WORK.FILTER2DMDBC.
      WHERE (LEVEL not = 'INTERVAL') and (ROLE not = 'FREQ');
NOTE: The data set WORK._NULL has 0 observations and 26 variables.
NOTE: DATA statement used (Total process time):
      real time           0.00 seconds
      cpu time            0.01 seconds
      


NOTE: The file _MAC is:
      Catalog Name=WORK.MACROS.VARIABLES.SOURCE,
      Catalog Page Size=4096,
      Number of Catalog Pages=5,
      Created=Sat, Oct 24, 2020 06:48:27 PM,
      Last Modified=Sat, Oct 24, 2020 06:48:27 PM,
      Filename=C:\Users\20161277\AppData\Local\Temp\27\SAS Temporary Files\_TD54040_BA-TEACHING_\macros.sas7bcat,
      Release Created=9.0401M3,
      Host Created=X64_DS08R2

NOTE: 2 records were written to the file _MAC.
      The minimum record length was 12.
      The maximum record length was 13.
NOTE: DATA statement used (Total process time):
      real time           0.00 seconds
      cpu time            0.00 seconds
      

NOTE: Fileref _MAC has been deassigned.

12085  *------------------------------------------------------------*;
12086  * Filter2: Computing metadata for TRAIN data;
12087  *------------------------------------------------------------*;

NOTE: View EMWS1.FILTER2_TRAIN.VIEW used (Total process time):
      real time           0.04 seconds
      cpu time            0.04 seconds
      
NOTE: View EMWS1.FILTER2_TRAIN.VIEW used (Total process time):
      real time           0.04 seconds
      cpu time            0.04 seconds
      
